2021-01-12 14:16:23,866 [INFO] Activator:170 - 


2021-01-12 14:16:23,868 [INFO] Activator:171 - !SESSION log4j initialized
2021-01-12 14:17:33,112 [INFO] McuFinderGlobals:40 - Set McuFinder mode to 2 (CubeIDE integrated)
2021-01-12 14:17:33,844 [INFO] ApplicationProperties:181 - Using Application install path: C:\ST\STM32CubeIDE_1.5.0\STM32CubeIDE\plugins\com.st.stm32cube.common.mx_6.1.0.202011121557
2021-01-12 14:17:33,857 [INFO] DbMcusXml:71 - Set database path to: C:\ST\STM32CubeIDE_1.5.0\STM32CubeIDE\plugins\com.st.stm32cube.common.mx_6.1.0.202011121557\\db\/mcu/
2021-01-12 14:17:33,861 [INFO] DbBoardsPdsc:57 - Set plugin database path to: C:\ST\STM32CubeIDE_1.5.0\STM32CubeIDE\plugins\com.st.stm32cube.common.mx_6.1.0.202011121557\\db\/plugins/boardmanager/
2021-01-12 14:17:33,862 [INFO] DbMcus:259 - Set plugin images path to: C:\ST\STM32CubeIDE_1.5.0\STM32CubeIDE\plugins\com.st.stm32cube.common.mx_6.1.0.202011121557\\db\/plugins/mcufinder/images/
2021-01-12 14:17:33,862 [INFO] DbBoards:265 - Set plugin images path to: C:\ST\STM32CubeIDE_1.5.0\STM32CubeIDE\plugins\com.st.stm32cube.common.mx_6.1.0.202011121557\\db\/plugins/mcufinder/images/
2021-01-12 14:17:33,865 [INFO] DbExamples:329 - Set plugin images path to: C:\ST\STM32CubeIDE_1.5.0\STM32CubeIDE\plugins\com.st.stm32cube.common.mx_6.1.0.202011121557\\db\/plugins/mcufinder/images/
2021-01-12 14:17:33,891 [INFO] DbMcusDocs:112 - Set database path to: C:\Users\ritavdwalt\.stmcufinder\plugins\mcufinder//mcu/
2021-01-12 14:17:33,894 [INFO] DbMcusJson:63 - Set database path to: C:\Users\ritavdwalt\.stmcufinder\plugins\mcufinder//mcu/
2021-01-12 14:17:33,895 [INFO] DbBoardsDocs:112 - Set database path to: C:\Users\ritavdwalt\.stmcufinder\plugins\mcufinder//mcu/
2021-01-12 14:17:33,895 [INFO] DbBoardsJson:56 - Set database path to: C:\Users\ritavdwalt\.stmcufinder\plugins\mcufinder//mcu/
2021-01-12 14:17:33,901 [INFO] CrossReferenceDbSqlite:196 - Set database path to: C:\Users\ritavdwalt\.stmcufinder\plugins\mcufinder//mcu/cs/
2021-01-12 14:17:33,905 [INFO] DbExamplesSqlite:699 - Set database path to: C:\Users\ritavdwalt\.stmcufinder\plugins\mcufinder//mcu/
2021-01-12 14:17:34,028 [INFO] RulesReader:52 - Compatibility file has been processed (228 Rules)
2021-01-12 14:17:34,226 [INFO] MicroXplorer:565 - Detected Java Version = 1.8.0_272
2021-01-12 14:17:34,227 [INFO] DbMcusXml:71 - Set database path to: C:\ST\STM32CubeIDE_1.5.0\STM32CubeIDE\plugins\com.st.stm32cube.common.mx_6.1.0.202011121557\\db\/mcu/
2021-01-12 14:17:34,227 [INFO] DbBoardsPdsc:57 - Set plugin database path to: C:\ST\STM32CubeIDE_1.5.0\STM32CubeIDE\plugins\com.st.stm32cube.common.mx_6.1.0.202011121557\\db\/plugins/boardmanager/
2021-01-12 14:17:34,228 [INFO] DbMcus:259 - Set plugin images path to: C:\ST\STM32CubeIDE_1.5.0\STM32CubeIDE\plugins\com.st.stm32cube.common.mx_6.1.0.202011121557\\db\/plugins/mcufinder/images/
2021-01-12 14:17:34,228 [INFO] DbBoards:265 - Set plugin images path to: C:\ST\STM32CubeIDE_1.5.0\STM32CubeIDE\plugins\com.st.stm32cube.common.mx_6.1.0.202011121557\\db\/plugins/mcufinder/images/
2021-01-12 14:17:34,228 [INFO] DbExamples:329 - Set plugin images path to: C:\ST\STM32CubeIDE_1.5.0\STM32CubeIDE\plugins\com.st.stm32cube.common.mx_6.1.0.202011121557\\db\/plugins/mcufinder/images/
2021-01-12 14:17:34,228 [WARN] DbFile:36 - Overriding database path with different value: C:\Users\ritavdwalt\.stmcufinder\plugins\mcufinder/ => C:\Users\ritavdwalt\.stmcufinder\plugins\mcufinder
2021-01-12 14:17:34,228 [INFO] DbMcusDocs:112 - Set database path to: C:\Users\ritavdwalt\.stmcufinder\plugins\mcufinder//mcu/
2021-01-12 14:17:34,228 [WARN] DbFile:36 - Overriding database path with different value: C:\Users\ritavdwalt\.stmcufinder\plugins\mcufinder/ => C:\Users\ritavdwalt\.stmcufinder\plugins\mcufinder
2021-01-12 14:17:34,228 [INFO] DbMcusJson:63 - Set database path to: C:\Users\ritavdwalt\.stmcufinder\plugins\mcufinder//mcu/
2021-01-12 14:17:34,228 [WARN] DbFile:36 - Overriding database path with different value: C:\Users\ritavdwalt\.stmcufinder\plugins\mcufinder/ => C:\Users\ritavdwalt\.stmcufinder\plugins\mcufinder
2021-01-12 14:17:34,228 [INFO] DbBoardsDocs:112 - Set database path to: C:\Users\ritavdwalt\.stmcufinder\plugins\mcufinder//mcu/
2021-01-12 14:17:34,229 [WARN] DbFile:36 - Overriding database path with different value: C:\Users\ritavdwalt\.stmcufinder\plugins\mcufinder/ => C:\Users\ritavdwalt\.stmcufinder\plugins\mcufinder
2021-01-12 14:17:34,229 [INFO] DbBoardsJson:56 - Set database path to: C:\Users\ritavdwalt\.stmcufinder\plugins\mcufinder//mcu/
2021-01-12 14:17:34,229 [WARN] DbFile:36 - Overriding database path with different value: C:\Users\ritavdwalt\.stmcufinder\plugins\mcufinder/ => C:\Users\ritavdwalt\.stmcufinder\plugins\mcufinder
2021-01-12 14:17:34,229 [WARN] DbFile:36 - Overriding database path with different value: C:\Users\ritavdwalt\.stmcufinder\plugins\mcufinder/ => C:\Users\ritavdwalt\.stmcufinder\plugins\mcufinder
2021-01-12 14:17:34,229 [INFO] CrossReferenceDbSqlite:196 - Set database path to: C:\Users\ritavdwalt\.stmcufinder\plugins\mcufinder//mcu/cs/
2021-01-12 14:17:34,229 [WARN] DbFile:36 - Overriding database path with different value: C:\Users\ritavdwalt\.stmcufinder\plugins\mcufinder/ => C:\Users\ritavdwalt\.stmcufinder\plugins\mcufinder
2021-01-12 14:17:34,229 [INFO] DbExamplesSqlite:699 - Set database path to: C:\Users\ritavdwalt\.stmcufinder\plugins\mcufinder//mcu/
2021-01-12 14:17:34,346 [INFO] MainPanel:190 - HeapMemory: 339738624
2021-01-12 14:17:34,463 [INFO] DbMcusXml:71 - Set database path to: C:\ST\STM32CubeIDE_1.5.0\STM32CubeIDE\plugins\com.st.stm32cube.common.mx_6.1.0.202011121557\\db\/mcu/
2021-01-12 14:17:34,463 [INFO] DbBoardsPdsc:57 - Set plugin database path to: C:\ST\STM32CubeIDE_1.5.0\STM32CubeIDE\plugins\com.st.stm32cube.common.mx_6.1.0.202011121557\\db\/plugins/boardmanager/
2021-01-12 14:17:34,463 [INFO] DbMcus:259 - Set plugin images path to: C:\ST\STM32CubeIDE_1.5.0\STM32CubeIDE\plugins\com.st.stm32cube.common.mx_6.1.0.202011121557\\db\/plugins/mcufinder/images/
2021-01-12 14:17:34,463 [INFO] DbBoards:265 - Set plugin images path to: C:\ST\STM32CubeIDE_1.5.0\STM32CubeIDE\plugins\com.st.stm32cube.common.mx_6.1.0.202011121557\\db\/plugins/mcufinder/images/
2021-01-12 14:17:34,463 [INFO] DbExamples:329 - Set plugin images path to: C:\ST\STM32CubeIDE_1.5.0\STM32CubeIDE\plugins\com.st.stm32cube.common.mx_6.1.0.202011121557\\db\/plugins/mcufinder/images/
2021-01-12 14:17:34,464 [WARN] DbFile:36 - Overriding database path with different value: C:\Users\ritavdwalt\.stmcufinder\plugins\mcufinder/ => C:\Users\ritavdwalt\.stmcufinder\plugins\mcufinder
2021-01-12 14:17:34,464 [INFO] DbMcusDocs:112 - Set database path to: C:\Users\ritavdwalt\.stmcufinder\plugins\mcufinder//mcu/
2021-01-12 14:17:34,464 [WARN] DbFile:36 - Overriding database path with different value: C:\Users\ritavdwalt\.stmcufinder\plugins\mcufinder/ => C:\Users\ritavdwalt\.stmcufinder\plugins\mcufinder
2021-01-12 14:17:34,465 [INFO] DbMcusJson:63 - Set database path to: C:\Users\ritavdwalt\.stmcufinder\plugins\mcufinder//mcu/
2021-01-12 14:17:34,465 [WARN] DbFile:36 - Overriding database path with different value: C:\Users\ritavdwalt\.stmcufinder\plugins\mcufinder/ => C:\Users\ritavdwalt\.stmcufinder\plugins\mcufinder
2021-01-12 14:17:34,465 [INFO] DbBoardsDocs:112 - Set database path to: C:\Users\ritavdwalt\.stmcufinder\plugins\mcufinder//mcu/
2021-01-12 14:17:34,465 [WARN] DbFile:36 - Overriding database path with different value: C:\Users\ritavdwalt\.stmcufinder\plugins\mcufinder/ => C:\Users\ritavdwalt\.stmcufinder\plugins\mcufinder
2021-01-12 14:17:34,465 [INFO] DbBoardsJson:56 - Set database path to: C:\Users\ritavdwalt\.stmcufinder\plugins\mcufinder//mcu/
2021-01-12 14:17:34,465 [WARN] DbFile:36 - Overriding database path with different value: C:\Users\ritavdwalt\.stmcufinder\plugins\mcufinder/ => C:\Users\ritavdwalt\.stmcufinder\plugins\mcufinder
2021-01-12 14:17:34,465 [WARN] DbFile:36 - Overriding database path with different value: C:\Users\ritavdwalt\.stmcufinder\plugins\mcufinder/ => C:\Users\ritavdwalt\.stmcufinder\plugins\mcufinder
2021-01-12 14:17:34,465 [INFO] CrossReferenceDbSqlite:196 - Set database path to: C:\Users\ritavdwalt\.stmcufinder\plugins\mcufinder//mcu/cs/
2021-01-12 14:17:34,465 [WARN] DbFile:36 - Overriding database path with different value: C:\Users\ritavdwalt\.stmcufinder\plugins\mcufinder/ => C:\Users\ritavdwalt\.stmcufinder\plugins\mcufinder
2021-01-12 14:17:34,466 [INFO] DbExamplesSqlite:699 - Set database path to: C:\Users\ritavdwalt\.stmcufinder\plugins\mcufinder//mcu/
2021-01-12 14:17:34,490 [INFO] ApplicationProperties:181 - Using Application install path: C:\ST\STM32CubeIDE_1.5.0\STM32CubeIDE\plugins\com.st.stm32cube.common.mx_6.1.0.202011121557
2021-01-12 14:17:34,492 [INFO] PluginManage:178 - Search for loadable plugins [exclusion list=, ]
2021-01-12 14:17:34,493 [INFO] PluginManage:292 - Check plugin analytics
2021-01-12 14:17:39,222 [INFO] AnalyticsPlugin:225 - Accepted Software Licenses: STM32CubeMX.6.1.1
2021-01-12 14:17:39,222 [INFO] AnalyticsPlugin:227 - Accepted CMSIS Pack Licenses: 
2021-01-12 14:17:39,223 [INFO] AnalyticsPlugin:229 - Accepted Firmware Licenses: 
2021-01-12 14:17:39,223 [INFO] PluginManage:342 - Loaded plugin analytics (category:tool,tabindex:-1)
2021-01-12 14:17:39,223 [INFO] PluginManage:292 - Check plugin clock
2021-01-12 14:17:39,251 [INFO] PluginManage:342 - Loaded plugin clock (category:base,tabindex:2)
2021-01-12 14:17:39,251 [INFO] PluginManage:292 - Check plugin ddr
2021-01-12 14:17:39,255 [INFO] PluginManage:342 - Loaded plugin ddr (category:tool,tabindex:6)
2021-01-12 14:17:39,256 [INFO] PluginManage:292 - Check plugin filemanager
2021-01-12 14:17:39,382 [INFO] PluginManage:342 - Loaded plugin filemanager (category:base,tabindex:10)
2021-01-12 14:17:39,383 [INFO] PluginManage:292 - Check plugin ipmanager
2021-01-12 14:17:39,402 [INFO] PluginManage:342 - Loaded plugin ipmanager (category:base,tabindex:5)
2021-01-12 14:17:39,402 [INFO] PluginManage:292 - Check plugin pinoutandconfiguration
2021-01-12 14:17:39,423 [INFO] PluginManage:342 - Loaded plugin pinoutandconfiguration (category:base,tabindex:1)
2021-01-12 14:17:39,423 [INFO] PluginManage:292 - Check plugin pinoutconfig
2021-01-12 14:17:39,463 [INFO] PluginManage:342 - Loaded plugin pinoutconfig (category:base,tabindex:0)
2021-01-12 14:17:39,464 [INFO] PluginManage:292 - Check plugin power
2021-01-12 14:17:39,487 [INFO] PluginManage:342 - Loaded plugin power (category:power,tabindex:4)
2021-01-12 14:17:39,487 [INFO] PluginManage:292 - Check plugin projectmanager
2021-01-12 14:17:39,503 [INFO] PluginManage:342 - Loaded plugin projectmanager (category:projectmanager,tabindex:3)
2021-01-12 14:17:39,503 [INFO] PluginManage:292 - Check plugin thirdparty
2021-01-12 14:17:39,785 [INFO] PluginManage:342 - Loaded plugin thirdparty (category:base,tabindex:-1)
2021-01-12 14:17:39,785 [INFO] PluginManage:292 - Check plugin tools
2021-01-12 14:17:39,786 [WARN] IntegrityCheckThread:59 - waiting for thirdparty lock release [integrity check]
2021-01-12 14:17:39,786 [INFO] IntegrityCheckThread:61 - entering critical section [integrity check]
2021-01-12 14:17:39,786 [INFO] ThirdPartyUpdaterWithRetryManager:56 - Updater plugin not ready yet. [1/15]
2021-01-12 14:17:39,840 [INFO] PluginManage:342 - Loaded plugin tools (category:base,tabindex:7)
2021-01-12 14:17:39,840 [INFO] PluginManage:292 - Check plugin tutovideos
2021-01-12 14:17:40,110 [INFO] PluginManage:342 - Loaded plugin tutovideos (category:base,tabindex:-1)
2021-01-12 14:17:40,110 [INFO] PluginManage:292 - Check plugin updater
2021-01-12 14:17:40,123 [INFO] PluginManage:342 - Loaded plugin updater (category:base,tabindex:12)
2021-01-12 14:17:40,123 [INFO] PluginManage:265 - PluginManage : Loaded plugins [13]
2021-01-12 14:17:40,421 [INFO] PinOutPanel:1434 - setPackage(No Configuration,No Configuration)
2021-01-12 14:17:40,611 [INFO] IPUIPlugin:64 - create IPUIPlugin
2021-01-12 14:17:40,611 [INFO] PluginManager:203 - loadIPPluginJar : add adc
2021-01-12 14:17:40,647 [INFO] IPUIPlugin:64 - create IPUIPlugin
2021-01-12 14:17:40,647 [INFO] PluginManager:203 - loadIPPluginJar : add aes
2021-01-12 14:17:40,696 [INFO] IPUIPlugin:64 - create IPUIPlugin
2021-01-12 14:17:40,696 [INFO] PluginManager:203 - loadIPPluginJar : add can
2021-01-12 14:17:40,728 [INFO] IPUIPlugin:64 - create IPUIPlugin
2021-01-12 14:17:40,728 [INFO] PluginManager:203 - loadIPPluginJar : add comp
2021-01-12 14:17:40,764 [INFO] IPUIPlugin:64 - create IPUIPlugin
2021-01-12 14:17:40,764 [INFO] PluginManager:203 - loadIPPluginJar : add cryp
2021-01-12 14:17:40,800 [INFO] IPUIPlugin:64 - create IPUIPlugin
2021-01-12 14:17:40,800 [INFO] PluginManager:203 - loadIPPluginJar : add dfsdm
2021-01-12 14:17:40,817 [INFO] IPUIPlugin:64 - create IPUIPlugin
2021-01-12 14:17:40,817 [INFO] PluginManager:203 - loadIPPluginJar : add dma
2021-01-12 14:17:40,846 [INFO] IPUIPlugin:64 - create IPUIPlugin
2021-01-12 14:17:40,847 [INFO] PluginManager:203 - loadIPPluginJar : add fatfs
2021-01-12 14:17:40,897 [INFO] IPUIPlugin:64 - create IPUIPlugin
2021-01-12 14:17:40,898 [INFO] PluginManager:203 - loadIPPluginJar : add fmc
2021-01-12 14:17:40,917 [INFO] IPUIPlugin:64 - create IPUIPlugin
2021-01-12 14:17:40,917 [INFO] PluginManager:203 - loadIPPluginJar : add freertos
2021-01-12 14:17:40,949 [INFO] IPUIPlugin:64 - create IPUIPlugin
2021-01-12 14:17:40,950 [INFO] PluginManager:203 - loadIPPluginJar : add genericplugin
2021-01-12 14:17:41,037 [INFO] IPUIPlugin:64 - create IPUIPlugin
2021-01-12 14:17:41,037 [INFO] PluginManager:203 - loadIPPluginJar : add gfxmmu
2021-01-12 14:17:41,159 [INFO] IPUIPlugin:64 - create IPUIPlugin
2021-01-12 14:17:41,160 [INFO] PluginManager:203 - loadIPPluginJar : add gic
2021-01-12 14:17:41,177 [INFO] IPUIPlugin:64 - create IPUIPlugin
2021-01-12 14:17:41,177 [INFO] PluginManager:203 - loadIPPluginJar : add gpio
2021-01-12 14:17:41,242 [INFO] IPUIPlugin:64 - create IPUIPlugin
2021-01-12 14:17:41,242 [INFO] PluginManager:203 - loadIPPluginJar : add gtzc
2021-01-12 14:17:41,277 [INFO] IPUIPlugin:64 - create IPUIPlugin
2021-01-12 14:17:41,277 [INFO] PluginManager:203 - loadIPPluginJar : add hash
2021-01-12 14:17:41,331 [INFO] IPUIPlugin:64 - create IPUIPlugin
2021-01-12 14:17:41,332 [INFO] PluginManager:203 - loadIPPluginJar : add i2c
2021-01-12 14:17:41,377 [INFO] IPUIPlugin:64 - create IPUIPlugin
2021-01-12 14:17:41,377 [INFO] PluginManager:203 - loadIPPluginJar : add i2s
2021-01-12 14:17:41,391 [INFO] IPUIPlugin:64 - create IPUIPlugin
2021-01-12 14:17:41,391 [INFO] PluginManager:203 - loadIPPluginJar : add ipddr
2021-01-12 14:17:41,432 [INFO] IPUIPlugin:64 - create IPUIPlugin
2021-01-12 14:17:41,432 [INFO] PluginManager:203 - loadIPPluginJar : add lorawan
2021-01-12 14:17:41,472 [INFO] IPUIPlugin:64 - create IPUIPlugin
2021-01-12 14:17:41,473 [INFO] PluginManager:203 - loadIPPluginJar : add ltdc
2021-01-12 14:17:41,487 [INFO] IPUIPlugin:64 - create IPUIPlugin
2021-01-12 14:17:41,487 [INFO] PluginManager:203 - loadIPPluginJar : add mdma
2021-01-12 14:17:41,502 [INFO] IPUIPlugin:64 - create IPUIPlugin
2021-01-12 14:17:41,502 [INFO] PluginManager:203 - loadIPPluginJar : add nvic
2021-01-12 14:17:41,547 [INFO] IPUIPlugin:64 - create IPUIPlugin
2021-01-12 14:17:41,547 [INFO] PluginManager:203 - loadIPPluginJar : add opamp
2021-01-12 14:17:41,610 [INFO] IPUIPlugin:64 - create IPUIPlugin
2021-01-12 14:17:41,610 [INFO] PluginManager:203 - loadIPPluginJar : add openamp
2021-01-12 14:17:41,658 [INFO] IPUIPlugin:64 - create IPUIPlugin
2021-01-12 14:17:41,658 [INFO] PluginManager:203 - loadIPPluginJar : add pdm2pcm
2021-01-12 14:17:41,676 [INFO] IPUIPlugin:64 - create IPUIPlugin
2021-01-12 14:17:41,679 [INFO] PluginManager:203 - loadIPPluginJar : add plateformsettings
2021-01-12 14:17:41,708 [INFO] IPUIPlugin:64 - create IPUIPlugin
2021-01-12 14:17:41,708 [INFO] PluginManager:203 - loadIPPluginJar : add quadspi
2021-01-12 14:17:41,723 [INFO] IPUIPlugin:64 - create IPUIPlugin
2021-01-12 14:17:41,723 [INFO] PluginManager:203 - loadIPPluginJar : add resmgrutility
2021-01-12 14:17:41,771 [INFO] IPUIPlugin:64 - create IPUIPlugin
2021-01-12 14:17:41,771 [INFO] PluginManager:203 - loadIPPluginJar : add sai
2021-01-12 14:17:41,818 [INFO] IPUIPlugin:64 - create IPUIPlugin
2021-01-12 14:17:41,818 [INFO] PluginManager:203 - loadIPPluginJar : add spi
2021-01-12 14:17:41,865 [INFO] IPUIPlugin:64 - create IPUIPlugin
2021-01-12 14:17:41,865 [INFO] PluginManager:203 - loadIPPluginJar : add stm32_wpan
2021-01-12 14:17:41,896 [INFO] IPUIPlugin:64 - create IPUIPlugin
2021-01-12 14:17:41,896 [INFO] PluginManager:203 - loadIPPluginJar : add tim
2021-01-12 14:17:41,959 [INFO] IPUIPlugin:64 - create IPUIPlugin
2021-01-12 14:17:41,959 [INFO] PluginManager:203 - loadIPPluginJar : add touchsensing
2021-01-12 14:17:41,990 [INFO] IPUIPlugin:64 - create IPUIPlugin
2021-01-12 14:17:41,990 [INFO] PluginManager:203 - loadIPPluginJar : add tracer_emb
2021-01-12 14:17:42,029 [INFO] IPUIPlugin:64 - create IPUIPlugin
2021-01-12 14:17:42,029 [INFO] PluginManager:203 - loadIPPluginJar : add ts
2021-01-12 14:17:42,053 [INFO] IPUIPlugin:64 - create IPUIPlugin
2021-01-12 14:17:42,053 [INFO] PluginManager:203 - loadIPPluginJar : add tsc
2021-01-12 14:17:42,084 [INFO] IPUIPlugin:64 - create IPUIPlugin
2021-01-12 14:17:42,084 [INFO] PluginManager:203 - loadIPPluginJar : add ucpd
2021-01-12 14:17:42,132 [INFO] IPUIPlugin:64 - create IPUIPlugin
2021-01-12 14:17:42,132 [INFO] PluginManager:203 - loadIPPluginJar : add usart
2021-01-12 14:17:42,521 [FATAL] Updater:284 - Updater called before beeing initialized
2021-01-12 14:17:42,728 [FATAL] Updater:284 - Updater called before beeing initialized
2021-01-12 14:17:42,789 [INFO] ThirdPartyUpdaterWithRetryManager:56 - Updater plugin not ready yet. [2/15]
2021-01-12 14:17:42,825 [WARN] DetailPanel:347 - Failed to get advertising image, set to default
2021-01-12 14:17:42,828 [FATAL] Updater:284 - Updater called before beeing initialized
2021-01-12 14:17:42,828 [WARN] DetailPanel:347 - Failed to get advertising image, set to default
2021-01-12 14:17:42,891 [FATAL] Updater:284 - Updater called before beeing initialized
2021-01-12 14:17:42,891 [WARN] ThirdParty:783 - waiting for thirdparty lock release [close project]
2021-01-12 14:17:45,803 [FATAL] Updater:284 - Updater called before beeing initialized
2021-01-12 14:17:45,804 [ERROR] AbstractThirdPartyUpdaterManager:153 - java.lang.Integer cannot be cast to java.util.List
2021-01-12 14:17:45,804 [INFO] ThirdParty:887 - Integrity check success = false
2021-01-12 14:17:45,805 [INFO] IntegrityCheckThread:75 - exiting critical section [integrity check]
2021-01-12 14:17:45,806 [INFO] IntegrityCheckThread:78 - End integrity checks thread
2021-01-12 14:17:45,806 [INFO] ThirdParty:785 - entering critical section [close project]
2021-01-12 14:17:45,810 [INFO] ThirdParty:796 - exiting critical section [close project]
2021-01-12 14:17:45,820 [INFO] PinOutPanel:1434 - setPackage(No Configuration,No Configuration)
2021-01-12 14:17:45,822 [FATAL] Updater:284 - Updater called before beeing initialized
2021-01-12 14:17:45,844 [ERROR] Updater:1065 - MainUpdater not yet initialized. External WinMGr cannot be set.
2021-01-12 14:17:45,857 [INFO] Updater:1002 - Updater Version found : 6.1.0
2021-01-12 14:17:45,880 [INFO] ApplicationProperties:181 - Using Application install path: C:\ST\STM32CubeIDE_1.5.0\STM32CubeIDE\plugins\com.st.stm32cube.common.mx_6.1.0.202011121557
2021-01-12 14:17:46,548 [INFO] MainUpdater:2644 - connection check result : 10
2021-01-12 14:17:46,549 [INFO] MainUpdater:3332 - Updater definition file requires update
2021-01-12 14:17:46,551 [INFO] MainUpdater:249 - Updater Check For Update Now.
2021-01-12 14:17:46,551 [INFO] MicroXplorer:415 - Change Database Version : DB.6.0.10
2021-01-12 14:17:46,758 [INFO] ServerAccessManage:348 - Download File updaters.zip
2021-01-12 14:17:47,127 [INFO] FileExtend:225 - Unzip File : updaters.zip
2021-01-12 14:17:47,127 [INFO] FileExtend:240 - Standard Zip Deflate
2021-01-12 14:17:49,366 [INFO] ServerAccessManage:348 - Download File PacksControlFlags.xml
2021-01-12 14:17:49,616 [INFO] ServerAccessManage:348 - Download File cubemx.pidx
2021-01-12 14:17:49,740 [INFO] LoadServerUpdatesThread:329 - End of LoadServerUpdate Thread
2021-01-12 14:17:49,761 [INFO] CheckServerUpdateThread:102 - End of CheckServer Thread
2021-01-12 14:17:49,794 [INFO] MainUpdater:2644 - connection check result : 10
2021-01-12 14:17:50,521 [INFO] CrossSelectorPresenter:1330 - Cross Selector saved comparison directory: C:\Users\ritavdwalt\.stmcufinder\plugins\mcufinder\mcu\cs_comparisons_mx
2021-01-12 14:17:50,528 [INFO] MultiScanPanel:198 - Auto-refresh data requested => check proxy status ongoing
2021-01-12 14:17:50,532 [INFO] FinderPluginLoader:87 - Searching for filters in installed packs
2021-01-12 14:17:50,533 [INFO] DbMcusXml:97 - Load MCU database from C:\ST\STM32CubeIDE_1.5.0\STM32CubeIDE\plugins\com.st.stm32cube.common.mx_6.1.0.202011121557\\db\/mcu/families.xml
2021-01-12 14:17:51,187 [INFO] DbMcusJson:92 - JSON generation date=Thu Nov 05 18:05:07 CAT 2020 (1604592307)
2021-01-12 14:17:51,917 [INFO] DbMcus:176 - Found 1835 MCUs (1796 are supported by CubeMX, 1796 are visible in CubeMX)
2021-01-12 14:17:51,918 [INFO] ApiDb:229 - User favorites file not found: C:\Users\ritavdwalt/.stm32cubeide/favorites.mcus.txt
2021-01-12 14:17:51,919 [INFO] DbMcus:188 - Set 0 / 0 favorites MCUs
2021-01-12 14:17:52,270 [WARN] DetailPanel:347 - Failed to get advertising image, set to default
2021-01-12 14:17:52,518 [INFO] McuFilterPanel:245 - Update 0 favorites MCUs
2021-01-12 14:17:52,595 [INFO] DbBoardsPdsc:91 - Found 24 items
2021-01-12 14:17:52,608 [INFO] DbBoardsPdsc:91 - Found 9 items
2021-01-12 14:17:52,627 [INFO] DbBoardsPdsc:91 - Found 32 items
2021-01-12 14:17:52,642 [INFO] DbBoardsPdsc:91 - Found 1 items
2021-01-12 14:17:52,660 [INFO] DbBoardsPdsc:91 - Found 45 items
2021-01-12 14:17:52,682 [INFO] DbBoardsPdsc:91 - Found 41 items
2021-01-12 14:17:52,696 [INFO] DbBoardsPdsc:91 - Found 2 items
2021-01-12 14:17:52,710 [INFO] DbBoardsPdsc:91 - Found 4 items
2021-01-12 14:17:52,715 [WARN] DbBoardsPdsc:255 - Board STM32H7B3I-DK: unknown feature type=Audio, name=, username=Audio stereo codec with Headphone Amp (CS42L51-CNZ), n=1
2021-01-12 14:17:52,716 [WARN] DbBoardsPdsc:255 - Board STM32H735G-DK: unknown feature type=Audio, name=, username=Audio stereo codec with Headphone Amp (WM8994ECS/R), n=1
2021-01-12 14:17:52,717 [WARN] DbBoardsPdsc:255 - Board STM32H7B3I-EVAL: unknown feature type=Audio, name=, username=Multi-Channel Audio Codec (CS42L51-CNZ), n=1
2021-01-12 14:17:52,717 [WARN] DbBoardsPdsc:255 - Board STM32H7B3I-EVAL: unknown feature type=Meter, name=, username=Power-metering and Temperature-monitoring with sigma-delta modulators, n=1
2021-01-12 14:17:52,717 [WARN] DbBoardsPdsc:255 - Board STM32H7B3I-EVAL: unknown feature type=Motor, name=, username=Motor Control, n=1
2021-01-12 14:17:52,759 [INFO] DbBoardsJson:85 - JSON generation date=Thu Nov 05 16:55:26 CAT 2020 (1604588126)
2021-01-12 14:17:52,764 [INFO] DbBoards:118 - Found 158 boards (155 are supported by CubeMX)
2021-01-12 14:17:52,790 [INFO] DbBoardsDocs:145 - JSON generation date=Thu Nov 05 18:05:07 CAT 2020 (1604592307)
2021-01-12 14:17:52,817 [INFO] DbBoardsDocs:81 - Found 190 boards documents
2021-01-12 14:17:52,817 [WARN] DbBoards:128 - board B-L462E-CELL1 has no document id list !
2021-01-12 14:17:52,817 [WARN] DbBoards:128 - board B-L475E-IOT01A2 has no document id list !
2021-01-12 14:17:52,818 [WARN] DbBoards:128 - board NUCLEO-G0B1RE has no document id list !
2021-01-12 14:17:52,818 [WARN] DbBoards:128 - board NUCLEO-G491RE has no document id list !
2021-01-12 14:17:52,819 [WARN] DbBoards:128 - board NUCLEO-H743ZI2 has no document id list !
2021-01-12 14:17:52,819 [WARN] DbBoards:128 - board NUCLEO-L4A6ZG has no document id list !
2021-01-12 14:17:52,819 [WARN] DbBoards:128 - board NUCLEO-WB55RG has no document id list !
2021-01-12 14:17:52,819 [WARN] DbBoards:128 - board NUCLEO-WL55JC1 has no document id list !
2021-01-12 14:17:52,820 [WARN] DbBoards:128 - board NUCLEO-WL55JC2 has no document id list !
2021-01-12 14:17:52,820 [WARN] DbBoards:128 - board P-NUCLEO-WB55-Nucleo has no document id list !
2021-01-12 14:17:52,820 [WARN] DbBoards:128 - board P-NUCLEO-WB55-USBDongle has no document id list !
2021-01-12 14:17:52,820 [WARN] DbBoards:128 - board STEVAL-BFA001V1B has no document id list !
2021-01-12 14:17:52,820 [WARN] DbBoards:128 - board STEVAL-BFA001V2B has no document id list !
2021-01-12 14:17:52,820 [WARN] DbBoards:128 - board STEVAL-IDP005V1 has no document id list !
2021-01-12 14:17:52,820 [WARN] DbBoards:128 - board STEVAL-IDP005V2 has no document id list !
2021-01-12 14:17:52,820 [WARN] DbBoards:128 - board STEVAL-MKSBOX1V1 has no document id list !
2021-01-12 14:17:52,820 [WARN] DbBoards:128 - board STEVAL-STWINKT1 has no document id list !
2021-01-12 14:17:52,821 [WARN] DbBoards:128 - board STM32F401C-DISCO has no document id list !
2021-01-12 14:17:52,821 [WARN] DbBoards:128 - board STM32F769I-DISC1 has no document id list !
2021-01-12 14:17:52,822 [WARN] DbBoards:128 - board STM32G0C1E-EV has no document id list !
2021-01-12 14:17:52,822 [WARN] DbBoards:128 - board STM32G474E-EVAL1 has no document id list !
2021-01-12 14:17:52,822 [WARN] DbBoards:128 - board STM32H743I-EVAL2 has no document id list !
2021-01-12 14:17:52,822 [WARN] DbBoards:128 - board STM32H747I-DISC1 has no document id list !
2021-01-12 14:17:52,823 [WARN] DbBoards:128 - board STM32H753I-EVAL2 has no document id list !
2021-01-12 14:17:52,823 [WARN] DbBoards:128 - board STM32L-DISCOVERY has no document id list !
2021-01-12 14:17:52,823 [WARN] DbBoards:128 - board STM32MP157A-DK1 has no document id list !
2021-01-12 14:17:52,824 [WARN] DbBoards:128 - board STM32MP157F-DK2 has no document id list !
2021-01-12 14:17:52,824 [WARN] DbBoards:128 - board STM32MP157F-EV1 has no document id list !
2021-01-12 14:17:54,772 [INFO] ApiDb:229 - User favorites file not found: C:\Users\ritavdwalt/.stm32cubeide/favorites.boards.txt
2021-01-12 14:17:54,772 [INFO] DbBoards:207 - Set 0 / 0 favorites Boards
2021-01-12 14:18:24,855 [INFO] DbMcusDocs:145 - JSON generation date=Thu Nov 05 18:05:07 CAT 2020 (1604592307)
2021-01-12 14:18:24,991 [INFO] DbMcusDocs:81 - Found 601 MCUs documents
2021-01-12 14:19:11,842 [INFO] MainUpdater:2644 - connection check result : 10
2021-01-12 14:19:11,842 [INFO] MainUpdater:2644 - connection check result : 10
2021-01-12 14:19:11,909 [INFO] MicroXplorer:385 - Change Database Path : 
2021-01-12 14:19:11,909 [INFO] MicroXplorer:415 - Change Database Version : DB.6.0.10
2021-01-12 14:19:11,909 [WARN] ThirdParty:783 - waiting for thirdparty lock release [close project]
2021-01-12 14:19:11,909 [INFO] ThirdParty:785 - entering critical section [close project]
2021-01-12 14:19:11,909 [INFO] ThirdParty:796 - exiting critical section [close project]
2021-01-12 14:19:11,912 [INFO] PinOutPanel:1434 - setPackage(No Configuration,No Configuration)
2021-01-12 14:19:11,913 [INFO] UtilMem:74 - Begin LoadConfig() Used Memory: 560772880 Bytes (728760320)
2021-01-12 14:19:11,915 [INFO] MicroXplorer:385 - Change Database Path : 
2021-01-12 14:19:11,915 [INFO] MicroXplorer:415 - Change Database Version : DB.6.0.10
2021-01-12 14:19:11,916 [INFO] OpenFileManager:274 - Change cursor
2021-01-12 14:19:11,918 [WARN] ThirdParty:204 - Use empty third party IP manager
2021-01-12 14:19:11,936 [WARN] IntegrityCheckThread:59 - waiting for thirdparty lock release [integrity check]
2021-01-12 14:19:11,937 [INFO] IntegrityCheckThread:61 - entering critical section [integrity check]
2021-01-12 14:19:12,002 [WARN] ConditionMgr:437 - getConditionDescription Invalid condition id : SIGFOX STM32 LIB Condition cause : null
2021-01-12 14:19:12,018 [WARN] ConditionMgr:437 - getConditionDescription Invalid condition id : Sigfox Third Party LIB Condition cause : null
2021-01-12 14:19:12,022 [WARN] ConditionMgr:1040 - genDependencies : Invalid condition id : SIGFOX STM32 LIB Condition cause : null
2021-01-12 14:19:12,023 [WARN] ConditionMgr:1040 - genDependencies : Invalid condition id : Sigfox Third Party LIB Condition cause : null
2021-01-12 14:19:12,023 [WARN] ConditionMgr:1040 - genDependencies : Invalid condition id : Sigfox Third Party LIB Condition cause : null
2021-01-12 14:19:12,024 [WARN] ConditionMgr:1040 - genDependencies : Invalid condition id : SIGFOX STM32 LIB Condition cause : null
2021-01-12 14:19:12,024 [WARN] ConditionMgr:1040 - genDependencies : Invalid condition id : SIGFOX STM32 LIB Condition cause : null
2021-01-12 14:19:12,024 [WARN] ConditionMgr:1040 - genDependencies : Invalid condition id : Sigfox Third Party LIB Condition cause : null
2021-01-12 14:19:12,539 [INFO] ThirdParty:887 - Integrity check success = true
2021-01-12 14:19:12,539 [INFO] IntegrityCheckThread:75 - exiting critical section [integrity check]
2021-01-12 14:19:12,540 [INFO] IntegrityCheckThread:78 - End integrity checks thread
2021-01-12 14:19:14,195 [INFO] ImportTextPane:162 - (OptionalMessage_ERROR) Unable to find key (Mcu.ThirdPartyNb) in loaded IOC file
2021-01-12 14:19:14,195 [INFO] ImportTextPane:162 - (OptionalMessage_ERROR) Unable to find key (Mcu.PinsNb) in loaded IOC file
2021-01-12 14:19:14,195 [INFO] ImportTextPane:162 - (OptionalMessage_ERROR) Unable to find key (Mcu.IPNb) in loaded IOC file
2021-01-12 14:19:14,251 [WARN] ApiManager:294 - Cannot register API 'Board Extension:S2868A1' from pack STMicroelectronics.X-CUBE-SUBG2.3.0.1: no header file found
2021-01-12 14:19:14,251 [WARN] ApiManager:294 - Cannot register API 'Board Extension:S2868A2' from pack STMicroelectronics.X-CUBE-SUBG2.3.0.1: no header file found
2021-01-12 14:19:14,251 [WARN] ApiManager:294 - Cannot register API 'Board Extension:S2915A1' from pack STMicroelectronics.X-CUBE-SUBG2.3.0.1: no header file found
2021-01-12 14:19:14,258 [WARN] ModelIntegratedComponent:51 - No mode defined for component null
2021-01-12 14:19:14,258 [WARN] ModelIntegratedComponent:51 - No mode defined for component null
2021-01-12 14:19:14,258 [WARN] ModelIntegratedComponent:51 - No mode defined for component null
2021-01-12 14:19:14,258 [WARN] ModelIntegratedComponent:51 - No mode defined for component null
2021-01-12 14:19:14,258 [WARN] ModelIntegratedComponent:51 - No mode defined for component null
2021-01-12 14:19:14,258 [WARN] ModelIntegratedComponent:51 - No mode defined for component null
2021-01-12 14:19:14,259 [WARN] ModelIntegratedComponent:51 - No mode defined for component null
2021-01-12 14:19:14,259 [WARN] ModelIntegratedComponent:51 - No mode defined for component null
2021-01-12 14:19:14,259 [WARN] ModelIntegratedComponent:51 - No mode defined for component null
2021-01-12 14:19:14,259 [WARN] ModelIntegratedComponent:51 - No mode defined for component null
2021-01-12 14:19:14,259 [WARN] ModelIntegratedComponent:51 - No mode defined for component null
2021-01-12 14:19:14,259 [WARN] ModelIntegratedComponent:51 - No mode defined for component null
2021-01-12 14:19:14,259 [WARN] ModelIntegratedComponent:51 - No mode defined for component null
2021-01-12 14:19:14,260 [WARN] ModelIntegratedComponent:51 - No mode defined for component null
2021-01-12 14:19:14,260 [WARN] ModelIntegratedComponent:51 - No mode defined for component null
2021-01-12 14:19:14,260 [WARN] ModelIntegratedComponent:51 - No mode defined for component null
2021-01-12 14:19:14,260 [WARN] ModelIntegratedComponent:51 - No mode defined for component null
2021-01-12 14:19:14,260 [WARN] ModelIntegratedComponent:51 - No mode defined for component null
2021-01-12 14:19:14,260 [WARN] ModelIntegratedComponent:51 - No mode defined for component null
2021-01-12 14:19:14,260 [WARN] ModelIntegratedComponent:51 - No mode defined for component null
2021-01-12 14:19:14,260 [WARN] ModelIntegratedComponent:51 - No mode defined for component null
2021-01-12 14:19:14,261 [WARN] ModelIntegratedComponent:51 - No mode defined for component null
2021-01-12 14:19:14,261 [WARN] ModelIntegratedComponent:51 - No mode defined for component null
2021-01-12 14:19:14,261 [WARN] ModelIntegratedComponent:51 - No mode defined for component null
2021-01-12 14:19:14,261 [WARN] ModelIntegratedComponent:51 - No mode defined for component null
2021-01-12 14:19:14,261 [WARN] ModelIntegratedComponent:51 - No mode defined for component null
2021-01-12 14:19:14,261 [WARN] ModelIntegratedComponent:51 - No mode defined for component null
2021-01-12 14:19:14,261 [WARN] ModelIntegratedComponent:51 - No mode defined for component null
2021-01-12 14:19:14,261 [WARN] ModelIntegratedComponent:51 - No mode defined for component null
2021-01-12 14:19:14,261 [WARN] ModelIntegratedComponent:51 - No mode defined for component null
2021-01-12 14:19:14,261 [WARN] ModelIntegratedComponent:51 - No mode defined for component null
2021-01-12 14:19:14,261 [WARN] ModelIntegratedComponent:51 - No mode defined for component null
2021-01-12 14:19:14,262 [WARN] ModelIntegratedComponent:51 - No mode defined for component null
2021-01-12 14:19:14,262 [WARN] ModelIntegratedComponent:51 - No mode defined for component null
2021-01-12 14:19:14,262 [WARN] ModelIntegratedComponent:51 - No mode defined for component null
2021-01-12 14:19:14,262 [WARN] ModelIntegratedComponent:51 - No mode defined for component null
2021-01-12 14:19:14,262 [WARN] ModelIntegratedComponent:51 - No mode defined for component null
2021-01-12 14:19:14,262 [WARN] ModelIntegratedComponent:51 - No mode defined for component null
2021-01-12 14:19:14,264 [WARN] ApiManager:294 - Cannot register API 'Board Extension:S2868A1' from pack STMicroelectronics.X-CUBE-SFXS2LP1.2.0.0: no header file found
2021-01-12 14:19:14,265 [WARN] ApiManager:294 - Cannot register API 'Board Extension:S2868A2' from pack STMicroelectronics.X-CUBE-SFXS2LP1.2.0.0: no header file found
2021-01-12 14:19:14,265 [WARN] ApiManager:294 - Cannot register API 'Board Extension:S2915A1' from pack STMicroelectronics.X-CUBE-SFXS2LP1.2.0.0: no header file found
2021-01-12 14:19:14,326 [WARN] ApiManager:294 - Cannot register API 'Board Extension:IKS01A3' from pack STMicroelectronics.X-CUBE-MEMS1.8.2.0: no header file found
2021-01-12 14:19:14,326 [WARN] ApiManager:294 - Cannot register API 'Board Extension:IKS01A2' from pack STMicroelectronics.X-CUBE-MEMS1.8.2.0: no header file found
2021-01-12 14:19:14,326 [WARN] ApiManager:294 - Cannot register API 'Board Extension:IKS02A1' from pack STMicroelectronics.X-CUBE-MEMS1.8.2.0: no header file found
2021-01-12 14:19:14,333 [WARN] ApiManager:294 - Cannot register API 'Board Extension:EEPRMA1' from pack STMicroelectronics.X-CUBE-EEPRMA1.3.0.0: no header file found
2021-01-12 14:19:14,334 [WARN] ApiManager:294 - Cannot register API 'Board Extension:EEPRMA2' from pack STMicroelectronics.X-CUBE-EEPRMA1.3.0.0: no header file found
2021-01-12 14:19:14,335 [INFO] RtosManager:464 - Registered RTOS mode: class=CMSIS, group=RTOS, mode=CMSIS_V1, owner=FREERTOS
2021-01-12 14:19:14,336 [INFO] RtosManager:464 - Registered RTOS mode: class=CMSIS, group=RTOS2, mode=CMSIS_V2, owner=FREERTOS
2021-01-12 14:19:14,336 [INFO] RtosManager:464 - Registered RTOS mode: class=RTOS, group=Core, mode=CMSIS_V1, owner=FREERTOS
2021-01-12 14:19:14,336 [INFO] RtosManager:464 - Registered RTOS mode: class=RTOS, group=Core, mode=CMSIS_V2, owner=FREERTOS
2021-01-12 14:19:14,336 [WARN] ModelIntegratedComponent:182 - Missing modes for component STMicroelectronics:FreeRTOS:0.0.1:STMicroelectronics:RTOS:FreeRTOS:Core:::10.2.0:
2021-01-12 14:19:14,337 [WARN] ApiManager:294 - Cannot register API 'Board Extension:GNSS1A1' from pack STMicroelectronics.X-CUBE-GNSS1.5.1.0: no header file found
2021-01-12 14:19:14,337 [WARN] ApiManager:294 - Cannot register API 'Board Support:Custom' from pack STMicroelectronics.X-CUBE-GNSS1.5.1.0: no header file found
2021-01-12 14:19:14,337 [WARN] ApiManager:294 - Cannot register API 'Data Exchange:lib_gnss' from pack STMicroelectronics.X-CUBE-GNSS1.5.1.0: no header file found
2021-01-12 14:19:14,338 [WARN] ApiManager:294 - Cannot register API 'Wireless:BlueNRG-MS' from pack STMicroelectronics.X-CUBE-BLE1.6.1.0: no header file found
2021-01-12 14:19:14,338 [WARN] ApiManager:294 - Cannot register API 'Board Extension:NFC04A1' from pack STMicroelectronics.X-CUBE-NFC4.2.0.1: no header file found
2021-01-12 14:19:14,339 [WARN] ApiManager:294 - Cannot register API 'Wireless:BlueNRG-2' from pack STMicroelectronics.X-CUBE-BLE2.3.1.0: no header file found
2021-01-12 14:19:14,655 [INFO] UtilMem:74 - End LoadConfig() Used Memory: 528160296 Bytes (728760320)
2021-01-12 14:19:14,705 [WARN] ThirdParty:749 - waiting for thirdparty lock release [change project]
2021-01-12 14:19:14,706 [INFO] ThirdParty:751 - entering critical section [change project]
2021-01-12 14:19:14,706 [INFO] ThirdParty:939 - CMSIS Pack Vendor :STMicroelectronics USB_HOST 2.0.0
2021-01-12 14:19:14,706 [INFO] ThirdParty:939 - CMSIS Pack Vendor :STMicroelectronics X-CUBE-SUBG2 3.0.1
2021-01-12 14:19:14,707 [INFO] ThirdParty:939 - CMSIS Pack Vendor :STMicroelectronics USB_DEVICE 3.0.0
2021-01-12 14:19:14,707 [INFO] ThirdParty:939 - CMSIS Pack Vendor :STMicroelectronics HAL Drivers 0.0.0
2021-01-12 14:19:14,707 [INFO] ThirdParty:939 - CMSIS Pack Vendor :STMicroelectronics MBEDTLS 2.16.2
2021-01-12 14:19:14,708 [INFO] ThirdParty:939 - CMSIS Pack Vendor :STMicroelectronics X-CUBE-SFXS2LP1 2.0.0
2021-01-12 14:19:14,708 [INFO] ThirdParty:939 - CMSIS Pack Vendor :STMicroelectronics MBEDTLS 2.14.1
2021-01-12 14:19:14,708 [INFO] ThirdParty:939 - CMSIS Pack Vendor :STMicroelectronics USB_DEVICE 2.0.0
2021-01-12 14:19:14,709 [INFO] ThirdParty:939 - CMSIS Pack Vendor :STMicroelectronics X-CUBE-MEMS1 8.2.0
2021-01-12 14:19:14,709 [INFO] ThirdParty:939 - CMSIS Pack Vendor :STMicroelectronics X-CUBE-EEPRMA1 3.0.0
2021-01-12 14:19:14,709 [INFO] ThirdParty:939 - CMSIS Pack Vendor :STMicroelectronics X-CUBE-DISPLAY 1.0.0
2021-01-12 14:19:14,709 [INFO] ThirdParty:939 - CMSIS Pack Vendor :STMicroelectronics FreeRTOS 0.0.1
2021-01-12 14:19:14,710 [INFO] ThirdParty:939 - CMSIS Pack Vendor :STMicroelectronics USB_DEVICE 1.0.0
2021-01-12 14:19:14,710 [INFO] ThirdParty:939 - CMSIS Pack Vendor :STMicroelectronics X-CUBE-ALGOBUILD 1.1.0
2021-01-12 14:19:14,710 [INFO] ThirdParty:939 - CMSIS Pack Vendor :STMicroelectronics X-CUBE-GNSS1 5.1.0
2021-01-12 14:19:14,711 [INFO] ThirdParty:939 - CMSIS Pack Vendor :STMicroelectronics X-CUBE-BLE1 6.1.0
2021-01-12 14:19:14,711 [INFO] ThirdParty:939 - CMSIS Pack Vendor :STMicroelectronics lwIP 2.0.3
2021-01-12 14:19:14,711 [INFO] ThirdParty:939 - CMSIS Pack Vendor :STMicroelectronics lwIP 2.1.2
2021-01-12 14:19:14,711 [INFO] ThirdParty:939 - CMSIS Pack Vendor :STMicroelectronics USB_HOST 1.0.0
2021-01-12 14:19:14,712 [INFO] ThirdParty:939 - CMSIS Pack Vendor :STMicroelectronics X-CUBE-NFC4 2.0.1
2021-01-12 14:19:14,712 [INFO] ThirdParty:939 - CMSIS Pack Vendor :STMicroelectronics X-CUBE-AI 5.2.0
2021-01-12 14:19:14,712 [INFO] ThirdParty:939 - CMSIS Pack Vendor :STMicroelectronics PDM2PCM 3.1.0
2021-01-12 14:19:14,712 [INFO] ThirdParty:939 - CMSIS Pack Vendor :STMicroelectronics X-CUBE-TOUCHGFX 4.16.0
2021-01-12 14:19:14,713 [INFO] ThirdParty:939 - CMSIS Pack Vendor :STMicroelectronics PDM2PCM 3.2.0
2021-01-12 14:19:14,713 [INFO] ThirdParty:939 - CMSIS Pack Vendor :STMicroelectronics X-CUBE-BLE2 3.1.0
2021-01-12 14:19:14,713 [INFO] ThirdParty:939 - CMSIS Pack Vendor :STMicroelectronics PDM2PCM 3.3.0
2021-01-12 14:19:14,714 [INFO] ThirdParty:757 - exiting critical section [change project]
2021-01-12 14:19:14,997 [INFO] PinOutPanel:1434 - setPackage(No Configuration,No Configuration)
2021-01-12 14:19:14,999 [INFO] PinOutPanel:1434 - setPackage(STM32L053R8Tx,LQFP64)
2021-01-12 14:19:15,387 [INFO] UtilMem:74 - Before build in PCC Used Memory: 344957336 Bytes (728760320)
2021-01-12 14:19:15,928 [INFO] SharedServices:72 - Folder for power plug-in: C:/Users/ritavdwalt/.stm32cubemx/plugins/power
2021-01-12 14:19:15,969 [INFO] SharedServices:72 - Folder for power plug-in: C:/Users/ritavdwalt/.stm32cubemx/plugins/power
2021-01-12 14:19:16,004 [INFO] SharedServices:72 - Folder for power plug-in: C:/Users/ritavdwalt/.stm32cubemx/plugins/power
2021-01-12 14:19:16,010 [INFO] SharedServices:72 - Folder for power plug-in: C:/Users/ritavdwalt/.stm32cubemx/plugins/power
2021-01-12 14:19:16,188 [INFO] UtilMem:74 - After build in PCC Used Memory: 407345568 Bytes (728760320)
2021-01-12 14:19:16,207 [INFO] IPUIPlugin:64 - create IPUIPlugin
2021-01-12 14:19:16,207 [INFO] IPUIPlugin:64 - create IPUIPlugin
2021-01-12 14:19:16,207 [INFO] IPUIPlugin:64 - create IPUIPlugin
2021-01-12 14:19:16,208 [INFO] IPUIPlugin:64 - create IPUIPlugin
2021-01-12 14:19:16,208 [INFO] IPUIPlugin:64 - create IPUIPlugin
2021-01-12 14:19:16,208 [INFO] IPUIPlugin:64 - create IPUIPlugin
2021-01-12 14:19:16,208 [INFO] IPUIPlugin:64 - create IPUIPlugin
2021-01-12 14:19:16,208 [INFO] IPUIPlugin:64 - create IPUIPlugin
2021-01-12 14:19:16,209 [INFO] IPUIPlugin:64 - create IPUIPlugin
2021-01-12 14:19:16,209 [INFO] IPUIPlugin:64 - create IPUIPlugin
2021-01-12 14:19:16,209 [INFO] IPUIPlugin:64 - create IPUIPlugin
2021-01-12 14:19:16,209 [INFO] IPUIPlugin:64 - create IPUIPlugin
2021-01-12 14:19:16,209 [INFO] IPUIPlugin:64 - create IPUIPlugin
2021-01-12 14:19:16,210 [INFO] IPUIPlugin:64 - create IPUIPlugin
2021-01-12 14:19:16,210 [INFO] IPUIPlugin:64 - create IPUIPlugin
2021-01-12 14:19:16,210 [INFO] IPUIPlugin:64 - create IPUIPlugin
2021-01-12 14:19:16,211 [INFO] IPUIPlugin:64 - create IPUIPlugin
2021-01-12 14:19:16,211 [INFO] IPUIPlugin:64 - create IPUIPlugin
2021-01-12 14:19:16,211 [INFO] IPUIPlugin:64 - create IPUIPlugin
2021-01-12 14:19:16,212 [INFO] IPUIPlugin:64 - create IPUIPlugin
2021-01-12 14:19:16,212 [INFO] IPUIPlugin:64 - create IPUIPlugin
2021-01-12 14:19:16,212 [INFO] IPUIPlugin:64 - create IPUIPlugin
2021-01-12 14:19:16,213 [INFO] IPUIPlugin:64 - create IPUIPlugin
2021-01-12 14:19:16,213 [INFO] IPUIPlugin:64 - create IPUIPlugin
2021-01-12 14:19:16,214 [INFO] IPUIPlugin:64 - create IPUIPlugin
2021-01-12 14:19:16,214 [INFO] IPUIPlugin:64 - create IPUIPlugin
2021-01-12 14:19:16,214 [INFO] IPUIPlugin:64 - create IPUIPlugin
2021-01-12 14:19:16,215 [INFO] IPUIPlugin:64 - create IPUIPlugin
2021-01-12 14:19:16,215 [INFO] IPUIPlugin:64 - create IPUIPlugin
2021-01-12 14:19:16,216 [INFO] IPUIPlugin:64 - create IPUIPlugin
2021-01-12 14:19:16,216 [INFO] IPUIPlugin:64 - create IPUIPlugin
2021-01-12 14:19:16,217 [INFO] IPUIPlugin:64 - create IPUIPlugin
2021-01-12 14:19:16,217 [INFO] IPUIPlugin:64 - create IPUIPlugin
2021-01-12 14:19:16,218 [INFO] IPUIPlugin:64 - create IPUIPlugin
2021-01-12 14:19:16,253 [INFO] LogOutputStream:76 - [STDOUT_REDIRECT] toolchainItems.length=====1
2021-01-12 14:19:16,356 [INFO] OpenFileManager:294 - Restore cursor
2021-01-12 14:19:16,660 [INFO] UtilMem:74 - End SaveConfig() Used Memory: 463357448 Bytes (728760320)
2021-01-12 14:19:17,463 [INFO] ServerAccessManage:348 - Download File stm32cube_fw_l0_v1120.zip
2021-01-12 14:19:50,212 [INFO] FileExtend:225 - Unzip File : stm32cube_fw_l0_v1120.zip
2021-01-12 14:19:50,212 [INFO] FileExtend:240 - Standard Zip Deflate
2021-01-12 14:21:27,210 [INFO] LoadServerPackagesThread:169 - End of LoadServerPackages Thread
2021-01-12 14:21:27,261 [INFO] UtilMem:74 - End SaveConfig() Used Memory: 690288920 Bytes (1073741824)
2021-01-12 14:21:27,339 [INFO] CheckServerUpdateThread:102 - End of CheckServer Thread
2021-01-12 14:21:27,681 [INFO] BlockDiagram:2735 - set Specific Code input for plugin: NVIC
2021-01-12 14:21:27,682 [INFO] BlockDiagram:2735 - set Specific Code input for plugin: SYS
2021-01-12 14:21:27,682 [INFO] BlockDiagram:2735 - set Specific Code input for plugin: RCC
2021-01-12 14:21:27,683 [INFO] CodeGenerator:639 - code generatio: config db path: C:\ST\STM32CubeIDE_1.5.0\STM32CubeIDE\plugins\com.st.stm32cube.common.mx_6.1.0.202011121557\\db\
2021-01-12 14:21:28,388 [INFO] CodeEngine:229 - oldGeneratedFile, C:\Users\ritavdwalt\Documents\GitHub\STM32Pins\STM_codegen\MXTmpFiles\license.tmp_save
2021-01-12 14:21:28,769 [INFO] CodeEngine:247 - Generated code: C:\Users\ritavdwalt\Documents\GitHub\STM32Pins\STM_codegen\MXTmpFiles\license.tmp
2021-01-12 14:21:28,934 [INFO] CodeEngine:229 - oldGeneratedFile, C:\Users\ritavdwalt\Documents\GitHub\STM32Pins\STM_codegen\Core\Src\stm32l0xx_it.c_save
2021-01-12 14:21:29,085 [INFO] CodeEngine:247 - Generated code: C:\Users\ritavdwalt\Documents\GitHub\STM32Pins\STM_codegen\Core\Src\stm32l0xx_it.c
2021-01-12 14:21:29,101 [INFO] CodeEngine:229 - oldGeneratedFile, C:\Users\ritavdwalt\Documents\GitHub\STM32Pins\STM_codegen\Core\Inc\stm32l0xx_it.h_save
2021-01-12 14:21:29,228 [INFO] CodeEngine:247 - Generated code: C:\Users\ritavdwalt\Documents\GitHub\STM32Pins\STM_codegen\Core\Inc\stm32l0xx_it.h
2021-01-12 14:21:29,281 [INFO] CodeEngine:229 - oldGeneratedFile, C:\Users\ritavdwalt\Documents\GitHub\STM32Pins\STM_codegen\Core\Src\stm32l0xx_hal_msp.c_save
2021-01-12 14:21:29,386 [INFO] CodeEngine:247 - Generated code: C:\Users\ritavdwalt\Documents\GitHub\STM32Pins\STM_codegen\Core\Src\stm32l0xx_hal_msp.c
2021-01-12 14:21:29,404 [INFO] CodeEngine:229 - oldGeneratedFile, C:\Users\ritavdwalt\Documents\GitHub\STM32Pins\STM_codegen\MXTmpFiles\system.tmp_save
2021-01-12 14:21:29,456 [INFO] CodeEngine:247 - Generated code: C:\Users\ritavdwalt\Documents\GitHub\STM32Pins\STM_codegen\MXTmpFiles\system.tmp
2021-01-12 14:21:29,505 [INFO] CodeEngine:229 - oldGeneratedFile, C:\Users\ritavdwalt\Documents\GitHub\STM32Pins\STM_codegen\Core\Inc\stm32l0xx_hal_conf.h_save
2021-01-12 14:21:29,622 [INFO] CodeEngine:247 - Generated code: C:\Users\ritavdwalt\Documents\GitHub\STM32Pins\STM_codegen\Core\Inc\stm32l0xx_hal_conf.h
2021-01-12 14:21:29,725 [INFO] CodeEngine:229 - oldGeneratedFile, C:\Users\ritavdwalt\Documents\GitHub\STM32Pins\STM_codegen\Core\Inc\main.h_save
2021-01-12 14:21:29,828 [INFO] CodeEngine:247 - Generated code: C:\Users\ritavdwalt\Documents\GitHub\STM32Pins\STM_codegen\Core\Inc\main.h
2021-01-12 14:21:29,852 [INFO] CodeEngine:229 - oldGeneratedFile, C:\Users\ritavdwalt\Documents\GitHub\STM32Pins\STM_codegen\Core\Src\main.c_save
2021-01-12 14:21:29,962 [INFO] CodeEngine:247 - Generated code: C:\Users\ritavdwalt\Documents\GitHub\STM32Pins\STM_codegen\Core\Src\main.c
2021-01-12 14:21:30,975 [INFO] ProjectBuilder:2328 - Time for Copy HAL[1] : 525mS.
2021-01-12 14:21:30,987 [INFO] ProjectBuilder:3259 - Project Generator version: 3.11.0-B13
2021-01-12 14:21:31,252 [INFO] ConfigFileManager:1238 - The Die is : DIE417
2021-01-12 14:21:31,270 [INFO] ApiDbMcu:456 - Load IP Config File for FATFS
2021-01-12 14:21:31,287 [INFO] ApiDbMcu:456 - Load IP Config File for FREERTOS
2021-01-12 14:21:31,308 [INFO] ApiDbMcu:456 - Load IP Config File for TOUCHSENSING
2021-01-12 14:21:31,325 [INFO] ApiDbMcu:456 - Load IP Config File for USB_DEVICE
2021-01-12 14:21:37,348 [INFO] ProjectBuilder:3425 - Time for Generating toolchain IDE Files: 6361mS.
2021-01-12 14:21:37,349 [INFO] ProjectBuilder:2207 - Time for Copy CMSIS : 1mS.
2021-01-12 14:21:37,351 [INFO] ProjectBuilder:2207 - Time for Copy CMSIS : 0mS.
2021-01-12 14:21:38,285 [INFO] ApiDb:263 - Save user favorites file C:\Users\ritavdwalt/.stm32cubeide/favorites.mcus.txt: 0 item(s)
2021-01-12 14:21:38,286 [INFO] ApiDb:267 - User favorites MCUs=[]
2021-01-12 14:27:38,541 [INFO] Activator:170 - 


2021-01-12 14:27:38,544 [INFO] Activator:171 - !SESSION log4j initialized
2021-01-12 14:31:18,772 [INFO] Activator:170 - 


2021-01-12 14:31:18,774 [INFO] Activator:171 - !SESSION log4j initialized
2021-01-12 14:31:25,224 [INFO] McuFinderGlobals:40 - Set McuFinder mode to 2 (CubeIDE integrated)
2021-01-12 14:31:25,313 [INFO] ApplicationProperties:181 - Using Application install path: C:\ST\STM32CubeIDE_1.5.0\STM32CubeIDE\plugins\com.st.stm32cube.common.mx_6.1.0.202011121557
2021-01-12 14:31:25,322 [INFO] DbMcusXml:71 - Set database path to: C:\ST\STM32CubeIDE_1.5.0\STM32CubeIDE\plugins\com.st.stm32cube.common.mx_6.1.0.202011121557\\db\/mcu/
2021-01-12 14:31:25,325 [INFO] DbBoardsPdsc:57 - Set plugin database path to: C:\ST\STM32CubeIDE_1.5.0\STM32CubeIDE\plugins\com.st.stm32cube.common.mx_6.1.0.202011121557\\db\/plugins/boardmanager/
2021-01-12 14:31:25,326 [INFO] DbMcus:259 - Set plugin images path to: C:\ST\STM32CubeIDE_1.5.0\STM32CubeIDE\plugins\com.st.stm32cube.common.mx_6.1.0.202011121557\\db\/plugins/mcufinder/images/
2021-01-12 14:31:25,326 [INFO] DbBoards:265 - Set plugin images path to: C:\ST\STM32CubeIDE_1.5.0\STM32CubeIDE\plugins\com.st.stm32cube.common.mx_6.1.0.202011121557\\db\/plugins/mcufinder/images/
2021-01-12 14:31:25,328 [INFO] DbExamples:329 - Set plugin images path to: C:\ST\STM32CubeIDE_1.5.0\STM32CubeIDE\plugins\com.st.stm32cube.common.mx_6.1.0.202011121557\\db\/plugins/mcufinder/images/
2021-01-12 14:31:25,332 [INFO] DbMcusDocs:112 - Set database path to: C:\Users\ritavdwalt\.stmcufinder\plugins\mcufinder//mcu/
2021-01-12 14:31:25,334 [INFO] DbMcusJson:63 - Set database path to: C:\Users\ritavdwalt\.stmcufinder\plugins\mcufinder//mcu/
2021-01-12 14:31:25,335 [INFO] DbBoardsDocs:112 - Set database path to: C:\Users\ritavdwalt\.stmcufinder\plugins\mcufinder//mcu/
2021-01-12 14:31:25,336 [INFO] DbBoardsJson:56 - Set database path to: C:\Users\ritavdwalt\.stmcufinder\plugins\mcufinder//mcu/
2021-01-12 14:31:25,338 [INFO] CrossReferenceDbSqlite:196 - Set database path to: C:\Users\ritavdwalt\.stmcufinder\plugins\mcufinder//mcu/cs/
2021-01-12 14:31:25,341 [INFO] DbExamplesSqlite:699 - Set database path to: C:\Users\ritavdwalt\.stmcufinder\plugins\mcufinder//mcu/
2021-01-12 14:31:25,433 [INFO] RulesReader:52 - Compatibility file has been processed (228 Rules)
2021-01-12 14:31:25,599 [INFO] MicroXplorer:565 - Detected Java Version = 1.8.0_272
2021-01-12 14:31:25,599 [INFO] DbMcusXml:71 - Set database path to: C:\ST\STM32CubeIDE_1.5.0\STM32CubeIDE\plugins\com.st.stm32cube.common.mx_6.1.0.202011121557\\db\/mcu/
2021-01-12 14:31:25,600 [INFO] DbBoardsPdsc:57 - Set plugin database path to: C:\ST\STM32CubeIDE_1.5.0\STM32CubeIDE\plugins\com.st.stm32cube.common.mx_6.1.0.202011121557\\db\/plugins/boardmanager/
2021-01-12 14:31:25,600 [INFO] DbMcus:259 - Set plugin images path to: C:\ST\STM32CubeIDE_1.5.0\STM32CubeIDE\plugins\com.st.stm32cube.common.mx_6.1.0.202011121557\\db\/plugins/mcufinder/images/
2021-01-12 14:31:25,601 [INFO] DbBoards:265 - Set plugin images path to: C:\ST\STM32CubeIDE_1.5.0\STM32CubeIDE\plugins\com.st.stm32cube.common.mx_6.1.0.202011121557\\db\/plugins/mcufinder/images/
2021-01-12 14:31:25,601 [INFO] DbExamples:329 - Set plugin images path to: C:\ST\STM32CubeIDE_1.5.0\STM32CubeIDE\plugins\com.st.stm32cube.common.mx_6.1.0.202011121557\\db\/plugins/mcufinder/images/
2021-01-12 14:31:25,601 [WARN] DbFile:36 - Overriding database path with different value: C:\Users\ritavdwalt\.stmcufinder\plugins\mcufinder/ => C:\Users\ritavdwalt\.stmcufinder\plugins\mcufinder
2021-01-12 14:31:25,601 [INFO] DbMcusDocs:112 - Set database path to: C:\Users\ritavdwalt\.stmcufinder\plugins\mcufinder//mcu/
2021-01-12 14:31:25,602 [WARN] DbFile:36 - Overriding database path with different value: C:\Users\ritavdwalt\.stmcufinder\plugins\mcufinder/ => C:\Users\ritavdwalt\.stmcufinder\plugins\mcufinder
2021-01-12 14:31:25,602 [INFO] DbMcusJson:63 - Set database path to: C:\Users\ritavdwalt\.stmcufinder\plugins\mcufinder//mcu/
2021-01-12 14:31:25,602 [WARN] DbFile:36 - Overriding database path with different value: C:\Users\ritavdwalt\.stmcufinder\plugins\mcufinder/ => C:\Users\ritavdwalt\.stmcufinder\plugins\mcufinder
2021-01-12 14:31:25,602 [INFO] DbBoardsDocs:112 - Set database path to: C:\Users\ritavdwalt\.stmcufinder\plugins\mcufinder//mcu/
2021-01-12 14:31:25,602 [WARN] DbFile:36 - Overriding database path with different value: C:\Users\ritavdwalt\.stmcufinder\plugins\mcufinder/ => C:\Users\ritavdwalt\.stmcufinder\plugins\mcufinder
2021-01-12 14:31:25,603 [INFO] DbBoardsJson:56 - Set database path to: C:\Users\ritavdwalt\.stmcufinder\plugins\mcufinder//mcu/
2021-01-12 14:31:25,603 [WARN] DbFile:36 - Overriding database path with different value: C:\Users\ritavdwalt\.stmcufinder\plugins\mcufinder/ => C:\Users\ritavdwalt\.stmcufinder\plugins\mcufinder
2021-01-12 14:31:25,603 [WARN] DbFile:36 - Overriding database path with different value: C:\Users\ritavdwalt\.stmcufinder\plugins\mcufinder/ => C:\Users\ritavdwalt\.stmcufinder\plugins\mcufinder
2021-01-12 14:31:25,603 [INFO] CrossReferenceDbSqlite:196 - Set database path to: C:\Users\ritavdwalt\.stmcufinder\plugins\mcufinder//mcu/cs/
2021-01-12 14:31:25,604 [WARN] DbFile:36 - Overriding database path with different value: C:\Users\ritavdwalt\.stmcufinder\plugins\mcufinder/ => C:\Users\ritavdwalt\.stmcufinder\plugins\mcufinder
2021-01-12 14:31:25,604 [INFO] DbExamplesSqlite:699 - Set database path to: C:\Users\ritavdwalt\.stmcufinder\plugins\mcufinder//mcu/
2021-01-12 14:31:25,694 [INFO] MainPanel:190 - HeapMemory: 268435456
2021-01-12 14:31:25,741 [INFO] DbMcusXml:71 - Set database path to: C:\ST\STM32CubeIDE_1.5.0\STM32CubeIDE\plugins\com.st.stm32cube.common.mx_6.1.0.202011121557\\db\/mcu/
2021-01-12 14:31:25,742 [INFO] DbBoardsPdsc:57 - Set plugin database path to: C:\ST\STM32CubeIDE_1.5.0\STM32CubeIDE\plugins\com.st.stm32cube.common.mx_6.1.0.202011121557\\db\/plugins/boardmanager/
2021-01-12 14:31:25,742 [INFO] DbMcus:259 - Set plugin images path to: C:\ST\STM32CubeIDE_1.5.0\STM32CubeIDE\plugins\com.st.stm32cube.common.mx_6.1.0.202011121557\\db\/plugins/mcufinder/images/
2021-01-12 14:31:25,742 [INFO] DbBoards:265 - Set plugin images path to: C:\ST\STM32CubeIDE_1.5.0\STM32CubeIDE\plugins\com.st.stm32cube.common.mx_6.1.0.202011121557\\db\/plugins/mcufinder/images/
2021-01-12 14:31:25,742 [INFO] DbExamples:329 - Set plugin images path to: C:\ST\STM32CubeIDE_1.5.0\STM32CubeIDE\plugins\com.st.stm32cube.common.mx_6.1.0.202011121557\\db\/plugins/mcufinder/images/
2021-01-12 14:31:25,743 [WARN] DbFile:36 - Overriding database path with different value: C:\Users\ritavdwalt\.stmcufinder\plugins\mcufinder/ => C:\Users\ritavdwalt\.stmcufinder\plugins\mcufinder
2021-01-12 14:31:25,743 [INFO] DbMcusDocs:112 - Set database path to: C:\Users\ritavdwalt\.stmcufinder\plugins\mcufinder//mcu/
2021-01-12 14:31:25,743 [WARN] DbFile:36 - Overriding database path with different value: C:\Users\ritavdwalt\.stmcufinder\plugins\mcufinder/ => C:\Users\ritavdwalt\.stmcufinder\plugins\mcufinder
2021-01-12 14:31:25,743 [INFO] DbMcusJson:63 - Set database path to: C:\Users\ritavdwalt\.stmcufinder\plugins\mcufinder//mcu/
2021-01-12 14:31:25,744 [WARN] DbFile:36 - Overriding database path with different value: C:\Users\ritavdwalt\.stmcufinder\plugins\mcufinder/ => C:\Users\ritavdwalt\.stmcufinder\plugins\mcufinder
2021-01-12 14:31:25,744 [INFO] DbBoardsDocs:112 - Set database path to: C:\Users\ritavdwalt\.stmcufinder\plugins\mcufinder//mcu/
2021-01-12 14:31:25,744 [WARN] DbFile:36 - Overriding database path with different value: C:\Users\ritavdwalt\.stmcufinder\plugins\mcufinder/ => C:\Users\ritavdwalt\.stmcufinder\plugins\mcufinder
2021-01-12 14:31:25,744 [INFO] DbBoardsJson:56 - Set database path to: C:\Users\ritavdwalt\.stmcufinder\plugins\mcufinder//mcu/
2021-01-12 14:31:25,744 [WARN] DbFile:36 - Overriding database path with different value: C:\Users\ritavdwalt\.stmcufinder\plugins\mcufinder/ => C:\Users\ritavdwalt\.stmcufinder\plugins\mcufinder
2021-01-12 14:31:25,744 [WARN] DbFile:36 - Overriding database path with different value: C:\Users\ritavdwalt\.stmcufinder\plugins\mcufinder/ => C:\Users\ritavdwalt\.stmcufinder\plugins\mcufinder
2021-01-12 14:31:25,745 [INFO] CrossReferenceDbSqlite:196 - Set database path to: C:\Users\ritavdwalt\.stmcufinder\plugins\mcufinder//mcu/cs/
2021-01-12 14:31:25,745 [WARN] DbFile:36 - Overriding database path with different value: C:\Users\ritavdwalt\.stmcufinder\plugins\mcufinder/ => C:\Users\ritavdwalt\.stmcufinder\plugins\mcufinder
2021-01-12 14:31:25,745 [INFO] DbExamplesSqlite:699 - Set database path to: C:\Users\ritavdwalt\.stmcufinder\plugins\mcufinder//mcu/
2021-01-12 14:31:25,763 [INFO] ApplicationProperties:181 - Using Application install path: C:\ST\STM32CubeIDE_1.5.0\STM32CubeIDE\plugins\com.st.stm32cube.common.mx_6.1.0.202011121557
2021-01-12 14:31:25,764 [INFO] PluginManage:178 - Search for loadable plugins [exclusion list=, ]
2021-01-12 14:31:25,765 [INFO] PluginManage:292 - Check plugin analytics
2021-01-12 14:31:30,445 [INFO] AnalyticsPlugin:225 - Accepted Software Licenses: STM32CubeMX.6.1.1
2021-01-12 14:31:30,446 [INFO] AnalyticsPlugin:227 - Accepted CMSIS Pack Licenses: 
2021-01-12 14:31:30,447 [INFO] AnalyticsPlugin:229 - Accepted Firmware Licenses: 
2021-01-12 14:31:30,447 [INFO] PluginManage:342 - Loaded plugin analytics (category:tool,tabindex:-1)
2021-01-12 14:31:30,448 [INFO] PluginManage:292 - Check plugin clock
2021-01-12 14:31:30,461 [INFO] PluginManage:342 - Loaded plugin clock (category:base,tabindex:2)
2021-01-12 14:31:30,461 [INFO] PluginManage:292 - Check plugin ddr
2021-01-12 14:31:30,463 [INFO] PluginManage:342 - Loaded plugin ddr (category:tool,tabindex:6)
2021-01-12 14:31:30,464 [INFO] PluginManage:292 - Check plugin filemanager
2021-01-12 14:31:30,598 [INFO] PluginManage:342 - Loaded plugin filemanager (category:base,tabindex:10)
2021-01-12 14:31:30,599 [INFO] PluginManage:292 - Check plugin ipmanager
2021-01-12 14:31:30,621 [INFO] PluginManage:342 - Loaded plugin ipmanager (category:base,tabindex:5)
2021-01-12 14:31:30,622 [INFO] PluginManage:292 - Check plugin pinoutandconfiguration
2021-01-12 14:31:30,630 [INFO] PluginManage:342 - Loaded plugin pinoutandconfiguration (category:base,tabindex:1)
2021-01-12 14:31:30,630 [INFO] PluginManage:292 - Check plugin pinoutconfig
2021-01-12 14:31:30,658 [INFO] PluginManage:342 - Loaded plugin pinoutconfig (category:base,tabindex:0)
2021-01-12 14:31:30,658 [INFO] PluginManage:292 - Check plugin power
2021-01-12 14:31:30,667 [INFO] PluginManage:342 - Loaded plugin power (category:power,tabindex:4)
2021-01-12 14:31:30,668 [INFO] PluginManage:292 - Check plugin projectmanager
2021-01-12 14:31:30,682 [INFO] PluginManage:342 - Loaded plugin projectmanager (category:projectmanager,tabindex:3)
2021-01-12 14:31:30,682 [INFO] PluginManage:292 - Check plugin thirdparty
2021-01-12 14:31:30,771 [INFO] PluginManage:342 - Loaded plugin thirdparty (category:base,tabindex:-1)
2021-01-12 14:31:30,772 [WARN] IntegrityCheckThread:59 - waiting for thirdparty lock release [integrity check]
2021-01-12 14:31:30,772 [INFO] PluginManage:292 - Check plugin tools
2021-01-12 14:31:30,772 [INFO] IntegrityCheckThread:61 - entering critical section [integrity check]
2021-01-12 14:31:30,773 [INFO] ThirdPartyUpdaterWithRetryManager:56 - Updater plugin not ready yet. [1/15]
2021-01-12 14:31:30,775 [INFO] PluginManage:342 - Loaded plugin tools (category:base,tabindex:7)
2021-01-12 14:31:30,776 [INFO] PluginManage:292 - Check plugin tutovideos
2021-01-12 14:31:30,957 [INFO] PluginManage:342 - Loaded plugin tutovideos (category:base,tabindex:-1)
2021-01-12 14:31:30,958 [INFO] PluginManage:292 - Check plugin updater
2021-01-12 14:31:30,969 [INFO] PluginManage:342 - Loaded plugin updater (category:base,tabindex:12)
2021-01-12 14:31:30,969 [INFO] PluginManage:265 - PluginManage : Loaded plugins [13]
2021-01-12 14:31:31,212 [INFO] PinOutPanel:1434 - setPackage(No Configuration,No Configuration)
2021-01-12 14:31:31,374 [INFO] IPUIPlugin:64 - create IPUIPlugin
2021-01-12 14:31:31,375 [INFO] PluginManager:203 - loadIPPluginJar : add adc
2021-01-12 14:31:31,380 [INFO] IPUIPlugin:64 - create IPUIPlugin
2021-01-12 14:31:31,380 [INFO] PluginManager:203 - loadIPPluginJar : add aes
2021-01-12 14:31:31,382 [INFO] IPUIPlugin:64 - create IPUIPlugin
2021-01-12 14:31:31,383 [INFO] PluginManager:203 - loadIPPluginJar : add can
2021-01-12 14:31:31,384 [INFO] IPUIPlugin:64 - create IPUIPlugin
2021-01-12 14:31:31,384 [INFO] PluginManager:203 - loadIPPluginJar : add comp
2021-01-12 14:31:31,386 [INFO] IPUIPlugin:64 - create IPUIPlugin
2021-01-12 14:31:31,386 [INFO] PluginManager:203 - loadIPPluginJar : add cryp
2021-01-12 14:31:31,389 [INFO] IPUIPlugin:64 - create IPUIPlugin
2021-01-12 14:31:31,389 [INFO] PluginManager:203 - loadIPPluginJar : add dfsdm
2021-01-12 14:31:31,394 [INFO] IPUIPlugin:64 - create IPUIPlugin
2021-01-12 14:31:31,394 [INFO] PluginManager:203 - loadIPPluginJar : add dma
2021-01-12 14:31:31,396 [INFO] IPUIPlugin:64 - create IPUIPlugin
2021-01-12 14:31:31,396 [INFO] PluginManager:203 - loadIPPluginJar : add fatfs
2021-01-12 14:31:31,400 [INFO] IPUIPlugin:64 - create IPUIPlugin
2021-01-12 14:31:31,400 [INFO] PluginManager:203 - loadIPPluginJar : add fmc
2021-01-12 14:31:31,405 [INFO] IPUIPlugin:64 - create IPUIPlugin
2021-01-12 14:31:31,405 [INFO] PluginManager:203 - loadIPPluginJar : add freertos
2021-01-12 14:31:31,407 [INFO] IPUIPlugin:64 - create IPUIPlugin
2021-01-12 14:31:31,407 [INFO] PluginManager:203 - loadIPPluginJar : add genericplugin
2021-01-12 14:31:31,409 [INFO] IPUIPlugin:64 - create IPUIPlugin
2021-01-12 14:31:31,410 [INFO] PluginManager:203 - loadIPPluginJar : add gfxmmu
2021-01-12 14:31:31,414 [INFO] IPUIPlugin:64 - create IPUIPlugin
2021-01-12 14:31:31,415 [INFO] PluginManager:203 - loadIPPluginJar : add gic
2021-01-12 14:31:31,422 [INFO] IPUIPlugin:64 - create IPUIPlugin
2021-01-12 14:31:31,422 [INFO] PluginManager:203 - loadIPPluginJar : add gpio
2021-01-12 14:31:31,424 [INFO] IPUIPlugin:64 - create IPUIPlugin
2021-01-12 14:31:31,424 [INFO] PluginManager:203 - loadIPPluginJar : add gtzc
2021-01-12 14:31:31,426 [INFO] IPUIPlugin:64 - create IPUIPlugin
2021-01-12 14:31:31,426 [INFO] PluginManager:203 - loadIPPluginJar : add hash
2021-01-12 14:31:31,428 [INFO] IPUIPlugin:64 - create IPUIPlugin
2021-01-12 14:31:31,428 [INFO] PluginManager:203 - loadIPPluginJar : add i2c
2021-01-12 14:31:31,430 [INFO] IPUIPlugin:64 - create IPUIPlugin
2021-01-12 14:31:31,430 [INFO] PluginManager:203 - loadIPPluginJar : add i2s
2021-01-12 14:31:31,432 [INFO] IPUIPlugin:64 - create IPUIPlugin
2021-01-12 14:31:31,433 [INFO] PluginManager:203 - loadIPPluginJar : add ipddr
2021-01-12 14:31:31,435 [INFO] IPUIPlugin:64 - create IPUIPlugin
2021-01-12 14:31:31,435 [INFO] PluginManager:203 - loadIPPluginJar : add lorawan
2021-01-12 14:31:31,436 [INFO] IPUIPlugin:64 - create IPUIPlugin
2021-01-12 14:31:31,436 [INFO] PluginManager:203 - loadIPPluginJar : add ltdc
2021-01-12 14:31:31,439 [INFO] IPUIPlugin:64 - create IPUIPlugin
2021-01-12 14:31:31,440 [INFO] PluginManager:203 - loadIPPluginJar : add mdma
2021-01-12 14:31:31,442 [INFO] IPUIPlugin:64 - create IPUIPlugin
2021-01-12 14:31:31,442 [INFO] PluginManager:203 - loadIPPluginJar : add nvic
2021-01-12 14:31:31,444 [INFO] IPUIPlugin:64 - create IPUIPlugin
2021-01-12 14:31:31,444 [INFO] PluginManager:203 - loadIPPluginJar : add opamp
2021-01-12 14:31:31,446 [INFO] IPUIPlugin:64 - create IPUIPlugin
2021-01-12 14:31:31,447 [INFO] PluginManager:203 - loadIPPluginJar : add openamp
2021-01-12 14:31:31,449 [INFO] IPUIPlugin:64 - create IPUIPlugin
2021-01-12 14:31:31,449 [INFO] PluginManager:203 - loadIPPluginJar : add pdm2pcm
2021-01-12 14:31:31,454 [INFO] IPUIPlugin:64 - create IPUIPlugin
2021-01-12 14:31:31,457 [INFO] PluginManager:203 - loadIPPluginJar : add plateformsettings
2021-01-12 14:31:31,458 [INFO] IPUIPlugin:64 - create IPUIPlugin
2021-01-12 14:31:31,458 [INFO] PluginManager:203 - loadIPPluginJar : add quadspi
2021-01-12 14:31:31,460 [INFO] IPUIPlugin:64 - create IPUIPlugin
2021-01-12 14:31:31,461 [INFO] PluginManager:203 - loadIPPluginJar : add resmgrutility
2021-01-12 14:31:31,463 [INFO] IPUIPlugin:64 - create IPUIPlugin
2021-01-12 14:31:31,463 [INFO] PluginManager:203 - loadIPPluginJar : add sai
2021-01-12 14:31:31,465 [INFO] IPUIPlugin:64 - create IPUIPlugin
2021-01-12 14:31:31,465 [INFO] PluginManager:203 - loadIPPluginJar : add spi
2021-01-12 14:31:31,469 [INFO] IPUIPlugin:64 - create IPUIPlugin
2021-01-12 14:31:31,469 [INFO] PluginManager:203 - loadIPPluginJar : add stm32_wpan
2021-01-12 14:31:31,470 [INFO] IPUIPlugin:64 - create IPUIPlugin
2021-01-12 14:31:31,471 [INFO] PluginManager:203 - loadIPPluginJar : add tim
2021-01-12 14:31:31,473 [INFO] IPUIPlugin:64 - create IPUIPlugin
2021-01-12 14:31:31,473 [INFO] PluginManager:203 - loadIPPluginJar : add touchsensing
2021-01-12 14:31:31,475 [INFO] IPUIPlugin:64 - create IPUIPlugin
2021-01-12 14:31:31,475 [INFO] PluginManager:203 - loadIPPluginJar : add tracer_emb
2021-01-12 14:31:31,476 [INFO] IPUIPlugin:64 - create IPUIPlugin
2021-01-12 14:31:31,477 [INFO] PluginManager:203 - loadIPPluginJar : add ts
2021-01-12 14:31:31,478 [INFO] IPUIPlugin:64 - create IPUIPlugin
2021-01-12 14:31:31,478 [INFO] PluginManager:203 - loadIPPluginJar : add tsc
2021-01-12 14:31:31,480 [INFO] IPUIPlugin:64 - create IPUIPlugin
2021-01-12 14:31:31,480 [INFO] PluginManager:203 - loadIPPluginJar : add ucpd
2021-01-12 14:31:31,482 [INFO] IPUIPlugin:64 - create IPUIPlugin
2021-01-12 14:31:31,482 [INFO] PluginManager:203 - loadIPPluginJar : add usart
2021-01-12 14:31:31,807 [FATAL] Updater:284 - Updater called before beeing initialized
2021-01-12 14:31:31,960 [FATAL] Updater:284 - Updater called before beeing initialized
2021-01-12 14:31:32,000 [WARN] DetailPanel:347 - Failed to get advertising image, set to default
2021-01-12 14:31:32,003 [FATAL] Updater:284 - Updater called before beeing initialized
2021-01-12 14:31:32,003 [WARN] DetailPanel:347 - Failed to get advertising image, set to default
2021-01-12 14:31:32,063 [FATAL] Updater:284 - Updater called before beeing initialized
2021-01-12 14:31:32,063 [WARN] ThirdParty:783 - waiting for thirdparty lock release [close project]
2021-01-12 14:31:33,784 [INFO] ThirdPartyUpdaterWithRetryManager:56 - Updater plugin not ready yet. [2/15]
2021-01-12 14:31:36,795 [FATAL] Updater:284 - Updater called before beeing initialized
2021-01-12 14:31:36,796 [ERROR] AbstractThirdPartyUpdaterManager:153 - java.lang.Integer cannot be cast to java.util.List
2021-01-12 14:31:36,796 [INFO] ThirdParty:887 - Integrity check success = false
2021-01-12 14:31:36,797 [INFO] IntegrityCheckThread:75 - exiting critical section [integrity check]
2021-01-12 14:31:36,798 [INFO] IntegrityCheckThread:78 - End integrity checks thread
2021-01-12 14:31:36,798 [INFO] ThirdParty:785 - entering critical section [close project]
2021-01-12 14:31:36,803 [INFO] ThirdParty:796 - exiting critical section [close project]
2021-01-12 14:31:36,816 [INFO] PinOutPanel:1434 - setPackage(No Configuration,No Configuration)
2021-01-12 14:31:36,818 [FATAL] Updater:284 - Updater called before beeing initialized
2021-01-12 14:31:36,831 [ERROR] Updater:1065 - MainUpdater not yet initialized. External WinMGr cannot be set.
2021-01-12 14:31:36,835 [INFO] Updater:1002 - Updater Version found : 6.1.0
2021-01-12 14:31:36,852 [INFO] ApplicationProperties:181 - Using Application install path: C:\ST\STM32CubeIDE_1.5.0\STM32CubeIDE\plugins\com.st.stm32cube.common.mx_6.1.0.202011121557
2021-01-12 14:31:37,454 [INFO] MainUpdater:2644 - connection check result : 10
2021-01-12 14:31:37,455 [INFO] MainUpdater:249 - Updater Check For Update Now.
2021-01-12 14:31:37,455 [INFO] MicroXplorer:415 - Change Database Version : DB.6.0.10
2021-01-12 14:31:37,486 [INFO] CheckServerUpdateThread:102 - End of CheckServer Thread
2021-01-12 14:31:37,565 [INFO] MainUpdater:2644 - connection check result : 10
2021-01-12 14:31:37,566 [INFO] MainUpdater:2644 - connection check result : 10
2021-01-12 14:31:37,642 [INFO] MicroXplorer:385 - Change Database Path : 
2021-01-12 14:31:37,643 [INFO] MicroXplorer:415 - Change Database Version : DB.6.0.10
2021-01-12 14:31:37,643 [WARN] ThirdParty:783 - waiting for thirdparty lock release [close project]
2021-01-12 14:31:37,643 [INFO] ThirdParty:785 - entering critical section [close project]
2021-01-12 14:31:37,643 [INFO] ThirdParty:796 - exiting critical section [close project]
2021-01-12 14:31:37,646 [INFO] PinOutPanel:1434 - setPackage(No Configuration,No Configuration)
2021-01-12 14:31:37,647 [INFO] UtilMem:74 - Begin LoadConfig() Used Memory: 180775856 Bytes (268435456)
2021-01-12 14:31:37,649 [INFO] MicroXplorer:385 - Change Database Path : 
2021-01-12 14:31:37,649 [INFO] MicroXplorer:415 - Change Database Version : DB.6.0.10
2021-01-12 14:31:37,649 [INFO] OpenFileManager:274 - Change cursor
2021-01-12 14:31:37,653 [WARN] ThirdParty:204 - Use empty third party IP manager
2021-01-12 14:31:37,690 [WARN] IntegrityCheckThread:59 - waiting for thirdparty lock release [integrity check]
2021-01-12 14:31:37,690 [INFO] IntegrityCheckThread:61 - entering critical section [integrity check]
2021-01-12 14:31:37,734 [WARN] ConditionMgr:437 - getConditionDescription Invalid condition id : SIGFOX STM32 LIB Condition cause : null
2021-01-12 14:31:37,747 [WARN] ConditionMgr:437 - getConditionDescription Invalid condition id : Sigfox Third Party LIB Condition cause : null
2021-01-12 14:31:37,754 [WARN] ConditionMgr:1040 - genDependencies : Invalid condition id : SIGFOX STM32 LIB Condition cause : null
2021-01-12 14:31:37,755 [WARN] ConditionMgr:1040 - genDependencies : Invalid condition id : Sigfox Third Party LIB Condition cause : null
2021-01-12 14:31:37,756 [WARN] ConditionMgr:1040 - genDependencies : Invalid condition id : Sigfox Third Party LIB Condition cause : null
2021-01-12 14:31:37,756 [WARN] ConditionMgr:1040 - genDependencies : Invalid condition id : SIGFOX STM32 LIB Condition cause : null
2021-01-12 14:31:37,757 [WARN] ConditionMgr:1040 - genDependencies : Invalid condition id : SIGFOX STM32 LIB Condition cause : null
2021-01-12 14:31:37,757 [WARN] ConditionMgr:1040 - genDependencies : Invalid condition id : Sigfox Third Party LIB Condition cause : null
2021-01-12 14:31:38,139 [INFO] ThirdParty:887 - Integrity check success = true
2021-01-12 14:31:38,139 [INFO] IntegrityCheckThread:75 - exiting critical section [integrity check]
2021-01-12 14:31:38,139 [INFO] IntegrityCheckThread:78 - End integrity checks thread
2021-01-12 14:31:39,649 [WARN] ApiManager:294 - Cannot register API 'Board Extension:S2868A1' from pack STMicroelectronics.X-CUBE-SUBG2.3.0.1: no header file found
2021-01-12 14:31:39,649 [WARN] ApiManager:294 - Cannot register API 'Board Extension:S2868A2' from pack STMicroelectronics.X-CUBE-SUBG2.3.0.1: no header file found
2021-01-12 14:31:39,649 [WARN] ApiManager:294 - Cannot register API 'Board Extension:S2915A1' from pack STMicroelectronics.X-CUBE-SUBG2.3.0.1: no header file found
2021-01-12 14:31:39,658 [WARN] ModelIntegratedComponent:51 - No mode defined for component null
2021-01-12 14:31:39,658 [WARN] ModelIntegratedComponent:51 - No mode defined for component null
2021-01-12 14:31:39,658 [WARN] ModelIntegratedComponent:51 - No mode defined for component null
2021-01-12 14:31:39,658 [WARN] ModelIntegratedComponent:51 - No mode defined for component null
2021-01-12 14:31:39,659 [WARN] ModelIntegratedComponent:51 - No mode defined for component null
2021-01-12 14:31:39,659 [WARN] ModelIntegratedComponent:51 - No mode defined for component null
2021-01-12 14:31:39,659 [WARN] ModelIntegratedComponent:51 - No mode defined for component null
2021-01-12 14:31:39,659 [WARN] ModelIntegratedComponent:51 - No mode defined for component null
2021-01-12 14:31:39,659 [WARN] ModelIntegratedComponent:51 - No mode defined for component null
2021-01-12 14:31:39,659 [WARN] ModelIntegratedComponent:51 - No mode defined for component null
2021-01-12 14:31:39,659 [WARN] ModelIntegratedComponent:51 - No mode defined for component null
2021-01-12 14:31:39,660 [WARN] ModelIntegratedComponent:51 - No mode defined for component null
2021-01-12 14:31:39,660 [WARN] ModelIntegratedComponent:51 - No mode defined for component null
2021-01-12 14:31:39,660 [WARN] ModelIntegratedComponent:51 - No mode defined for component null
2021-01-12 14:31:39,660 [WARN] ModelIntegratedComponent:51 - No mode defined for component null
2021-01-12 14:31:39,660 [WARN] ModelIntegratedComponent:51 - No mode defined for component null
2021-01-12 14:31:39,661 [WARN] ModelIntegratedComponent:51 - No mode defined for component null
2021-01-12 14:31:39,661 [WARN] ModelIntegratedComponent:51 - No mode defined for component null
2021-01-12 14:31:39,661 [WARN] ModelIntegratedComponent:51 - No mode defined for component null
2021-01-12 14:31:39,661 [WARN] ModelIntegratedComponent:51 - No mode defined for component null
2021-01-12 14:31:39,661 [WARN] ModelIntegratedComponent:51 - No mode defined for component null
2021-01-12 14:31:39,661 [WARN] ModelIntegratedComponent:51 - No mode defined for component null
2021-01-12 14:31:39,661 [WARN] ModelIntegratedComponent:51 - No mode defined for component null
2021-01-12 14:31:39,662 [WARN] ModelIntegratedComponent:51 - No mode defined for component null
2021-01-12 14:31:39,662 [WARN] ModelIntegratedComponent:51 - No mode defined for component null
2021-01-12 14:31:39,662 [WARN] ModelIntegratedComponent:51 - No mode defined for component null
2021-01-12 14:31:39,662 [WARN] ModelIntegratedComponent:51 - No mode defined for component null
2021-01-12 14:31:39,662 [WARN] ModelIntegratedComponent:51 - No mode defined for component null
2021-01-12 14:31:39,662 [WARN] ModelIntegratedComponent:51 - No mode defined for component null
2021-01-12 14:31:39,662 [WARN] ModelIntegratedComponent:51 - No mode defined for component null
2021-01-12 14:31:39,663 [WARN] ModelIntegratedComponent:51 - No mode defined for component null
2021-01-12 14:31:39,663 [WARN] ModelIntegratedComponent:51 - No mode defined for component null
2021-01-12 14:31:39,663 [WARN] ModelIntegratedComponent:51 - No mode defined for component null
2021-01-12 14:31:39,663 [WARN] ModelIntegratedComponent:51 - No mode defined for component null
2021-01-12 14:31:39,663 [WARN] ModelIntegratedComponent:51 - No mode defined for component null
2021-01-12 14:31:39,663 [WARN] ModelIntegratedComponent:51 - No mode defined for component null
2021-01-12 14:31:39,664 [WARN] ModelIntegratedComponent:51 - No mode defined for component null
2021-01-12 14:31:39,664 [WARN] ModelIntegratedComponent:51 - No mode defined for component null
2021-01-12 14:31:39,666 [WARN] ApiManager:294 - Cannot register API 'Board Extension:S2868A1' from pack STMicroelectronics.X-CUBE-SFXS2LP1.2.0.0: no header file found
2021-01-12 14:31:39,667 [WARN] ApiManager:294 - Cannot register API 'Board Extension:S2868A2' from pack STMicroelectronics.X-CUBE-SFXS2LP1.2.0.0: no header file found
2021-01-12 14:31:39,667 [WARN] ApiManager:294 - Cannot register API 'Board Extension:S2915A1' from pack STMicroelectronics.X-CUBE-SFXS2LP1.2.0.0: no header file found
2021-01-12 14:31:39,743 [WARN] ApiManager:294 - Cannot register API 'Board Extension:IKS01A3' from pack STMicroelectronics.X-CUBE-MEMS1.8.2.0: no header file found
2021-01-12 14:31:39,743 [WARN] ApiManager:294 - Cannot register API 'Board Extension:IKS01A2' from pack STMicroelectronics.X-CUBE-MEMS1.8.2.0: no header file found
2021-01-12 14:31:39,743 [WARN] ApiManager:294 - Cannot register API 'Board Extension:IKS02A1' from pack STMicroelectronics.X-CUBE-MEMS1.8.2.0: no header file found
2021-01-12 14:31:39,753 [WARN] ApiManager:294 - Cannot register API 'Board Extension:EEPRMA1' from pack STMicroelectronics.X-CUBE-EEPRMA1.3.0.0: no header file found
2021-01-12 14:31:39,753 [WARN] ApiManager:294 - Cannot register API 'Board Extension:EEPRMA2' from pack STMicroelectronics.X-CUBE-EEPRMA1.3.0.0: no header file found
2021-01-12 14:31:39,755 [INFO] RtosManager:464 - Registered RTOS mode: class=CMSIS, group=RTOS, mode=CMSIS_V1, owner=FREERTOS
2021-01-12 14:31:39,755 [INFO] RtosManager:464 - Registered RTOS mode: class=CMSIS, group=RTOS2, mode=CMSIS_V2, owner=FREERTOS
2021-01-12 14:31:39,755 [INFO] RtosManager:464 - Registered RTOS mode: class=RTOS, group=Core, mode=CMSIS_V1, owner=FREERTOS
2021-01-12 14:31:39,755 [INFO] RtosManager:464 - Registered RTOS mode: class=RTOS, group=Core, mode=CMSIS_V2, owner=FREERTOS
2021-01-12 14:31:39,756 [WARN] ModelIntegratedComponent:182 - Missing modes for component STMicroelectronics:FreeRTOS:0.0.1:STMicroelectronics:RTOS:FreeRTOS:Core:::10.2.0:
2021-01-12 14:31:39,757 [WARN] ApiManager:294 - Cannot register API 'Board Extension:GNSS1A1' from pack STMicroelectronics.X-CUBE-GNSS1.5.1.0: no header file found
2021-01-12 14:31:39,757 [WARN] ApiManager:294 - Cannot register API 'Board Support:Custom' from pack STMicroelectronics.X-CUBE-GNSS1.5.1.0: no header file found
2021-01-12 14:31:39,758 [WARN] ApiManager:294 - Cannot register API 'Data Exchange:lib_gnss' from pack STMicroelectronics.X-CUBE-GNSS1.5.1.0: no header file found
2021-01-12 14:31:39,758 [WARN] ApiManager:294 - Cannot register API 'Wireless:BlueNRG-MS' from pack STMicroelectronics.X-CUBE-BLE1.6.1.0: no header file found
2021-01-12 14:31:39,759 [WARN] ApiManager:294 - Cannot register API 'Board Extension:NFC04A1' from pack STMicroelectronics.X-CUBE-NFC4.2.0.1: no header file found
2021-01-12 14:31:39,760 [WARN] ApiManager:294 - Cannot register API 'Wireless:BlueNRG-2' from pack STMicroelectronics.X-CUBE-BLE2.3.1.0: no header file found
2021-01-12 14:31:40,011 [INFO] UtilMem:74 - End LoadConfig() Used Memory: 211441800 Bytes (268435456)
2021-01-12 14:31:40,013 [INFO] DbMcusXml:97 - Load MCU database from C:\ST\STM32CubeIDE_1.5.0\STM32CubeIDE\plugins\com.st.stm32cube.common.mx_6.1.0.202011121557\\db\/mcu/families.xml
2021-01-12 14:31:40,509 [INFO] DbMcusJson:92 - JSON generation date=Thu Nov 05 18:05:07 CAT 2020 (1604592307)
2021-01-12 14:31:41,197 [INFO] DbMcus:176 - Found 1835 MCUs (1796 are supported by CubeMX, 1796 are visible in CubeMX)
2021-01-12 14:31:41,198 [INFO] ApiDb:238 - Load user favorites file C:\Users\ritavdwalt/.stm32cubeide/favorites.mcus.txt: 0 item(s)
2021-01-12 14:31:41,198 [INFO] ApiDb:242 - User favorites MCUs=[]
2021-01-12 14:31:41,198 [INFO] DbMcus:188 - Set 0 / 0 favorites MCUs
2021-01-12 14:31:41,202 [WARN] ThirdParty:749 - waiting for thirdparty lock release [change project]
2021-01-12 14:31:41,202 [INFO] ThirdParty:751 - entering critical section [change project]
2021-01-12 14:31:41,203 [INFO] ThirdParty:939 - CMSIS Pack Vendor :STMicroelectronics USB_HOST 2.0.0
2021-01-12 14:31:41,203 [INFO] ThirdParty:939 - CMSIS Pack Vendor :STMicroelectronics X-CUBE-SUBG2 3.0.1
2021-01-12 14:31:41,203 [INFO] ThirdParty:939 - CMSIS Pack Vendor :STMicroelectronics USB_DEVICE 3.0.0
2021-01-12 14:31:41,203 [INFO] ThirdParty:939 - CMSIS Pack Vendor :STMicroelectronics HAL Drivers 0.0.0
2021-01-12 14:31:41,203 [INFO] ThirdParty:939 - CMSIS Pack Vendor :STMicroelectronics MBEDTLS 2.16.2
2021-01-12 14:31:41,203 [INFO] ThirdParty:939 - CMSIS Pack Vendor :STMicroelectronics X-CUBE-SFXS2LP1 2.0.0
2021-01-12 14:31:41,203 [INFO] ThirdParty:939 - CMSIS Pack Vendor :STMicroelectronics MBEDTLS 2.14.1
2021-01-12 14:31:41,203 [INFO] ThirdParty:939 - CMSIS Pack Vendor :STMicroelectronics USB_DEVICE 2.0.0
2021-01-12 14:31:41,203 [INFO] ThirdParty:939 - CMSIS Pack Vendor :STMicroelectronics X-CUBE-MEMS1 8.2.0
2021-01-12 14:31:41,203 [INFO] ThirdParty:939 - CMSIS Pack Vendor :STMicroelectronics X-CUBE-EEPRMA1 3.0.0
2021-01-12 14:31:41,204 [INFO] ThirdParty:939 - CMSIS Pack Vendor :STMicroelectronics X-CUBE-DISPLAY 1.0.0
2021-01-12 14:31:41,204 [INFO] ThirdParty:939 - CMSIS Pack Vendor :STMicroelectronics FreeRTOS 0.0.1
2021-01-12 14:31:41,204 [INFO] ThirdParty:939 - CMSIS Pack Vendor :STMicroelectronics USB_DEVICE 1.0.0
2021-01-12 14:31:41,204 [INFO] ThirdParty:939 - CMSIS Pack Vendor :STMicroelectronics X-CUBE-ALGOBUILD 1.1.0
2021-01-12 14:31:41,204 [INFO] ThirdParty:939 - CMSIS Pack Vendor :STMicroelectronics X-CUBE-GNSS1 5.1.0
2021-01-12 14:31:41,204 [INFO] ThirdParty:939 - CMSIS Pack Vendor :STMicroelectronics X-CUBE-BLE1 6.1.0
2021-01-12 14:31:41,204 [INFO] ThirdParty:939 - CMSIS Pack Vendor :STMicroelectronics lwIP 2.0.3
2021-01-12 14:31:41,204 [INFO] ThirdParty:939 - CMSIS Pack Vendor :STMicroelectronics lwIP 2.1.2
2021-01-12 14:31:41,204 [INFO] ThirdParty:939 - CMSIS Pack Vendor :STMicroelectronics USB_HOST 1.0.0
2021-01-12 14:31:41,204 [INFO] ThirdParty:939 - CMSIS Pack Vendor :STMicroelectronics X-CUBE-NFC4 2.0.1
2021-01-12 14:31:41,205 [INFO] ThirdParty:939 - CMSIS Pack Vendor :STMicroelectronics X-CUBE-AI 5.2.0
2021-01-12 14:31:41,205 [INFO] ThirdParty:939 - CMSIS Pack Vendor :STMicroelectronics PDM2PCM 3.1.0
2021-01-12 14:31:41,205 [INFO] ThirdParty:939 - CMSIS Pack Vendor :STMicroelectronics X-CUBE-TOUCHGFX 4.16.0
2021-01-12 14:31:41,205 [INFO] ThirdParty:939 - CMSIS Pack Vendor :STMicroelectronics PDM2PCM 3.2.0
2021-01-12 14:31:41,205 [INFO] ThirdParty:939 - CMSIS Pack Vendor :STMicroelectronics X-CUBE-BLE2 3.1.0
2021-01-12 14:31:41,205 [INFO] ThirdParty:939 - CMSIS Pack Vendor :STMicroelectronics PDM2PCM 3.3.0
2021-01-12 14:31:41,205 [INFO] ThirdParty:757 - exiting critical section [change project]
2021-01-12 14:31:41,478 [INFO] PinOutPanel:1434 - setPackage(No Configuration,No Configuration)
2021-01-12 14:31:41,479 [INFO] PinOutPanel:1434 - setPackage(STM32L053R8Tx,LQFP64)
2021-01-12 14:31:41,905 [INFO] UtilMem:74 - Before build in PCC Used Memory: 193925984 Bytes (316669952)
2021-01-12 14:31:42,373 [INFO] SharedServices:72 - Folder for power plug-in: C:/Users/ritavdwalt/.stm32cubemx/plugins/power
2021-01-12 14:31:42,408 [INFO] SharedServices:72 - Folder for power plug-in: C:/Users/ritavdwalt/.stm32cubemx/plugins/power
2021-01-12 14:31:42,464 [INFO] SharedServices:72 - Folder for power plug-in: C:/Users/ritavdwalt/.stm32cubemx/plugins/power
2021-01-12 14:31:42,470 [INFO] SharedServices:72 - Folder for power plug-in: C:/Users/ritavdwalt/.stm32cubemx/plugins/power
2021-01-12 14:31:42,652 [INFO] UtilMem:74 - After build in PCC Used Memory: 244512536 Bytes (316669952)
2021-01-12 14:31:42,674 [INFO] IPUIPlugin:64 - create IPUIPlugin
2021-01-12 14:31:42,674 [INFO] IPUIPlugin:64 - create IPUIPlugin
2021-01-12 14:31:42,674 [INFO] IPUIPlugin:64 - create IPUIPlugin
2021-01-12 14:31:42,675 [INFO] IPUIPlugin:64 - create IPUIPlugin
2021-01-12 14:31:42,675 [INFO] IPUIPlugin:64 - create IPUIPlugin
2021-01-12 14:31:42,675 [INFO] IPUIPlugin:64 - create IPUIPlugin
2021-01-12 14:31:42,675 [INFO] IPUIPlugin:64 - create IPUIPlugin
2021-01-12 14:31:42,675 [INFO] IPUIPlugin:64 - create IPUIPlugin
2021-01-12 14:31:42,675 [INFO] IPUIPlugin:64 - create IPUIPlugin
2021-01-12 14:31:42,676 [INFO] IPUIPlugin:64 - create IPUIPlugin
2021-01-12 14:31:42,676 [INFO] IPUIPlugin:64 - create IPUIPlugin
2021-01-12 14:31:42,676 [INFO] IPUIPlugin:64 - create IPUIPlugin
2021-01-12 14:31:42,676 [INFO] IPUIPlugin:64 - create IPUIPlugin
2021-01-12 14:31:42,677 [INFO] IPUIPlugin:64 - create IPUIPlugin
2021-01-12 14:31:42,677 [INFO] IPUIPlugin:64 - create IPUIPlugin
2021-01-12 14:31:42,677 [INFO] IPUIPlugin:64 - create IPUIPlugin
2021-01-12 14:31:42,677 [INFO] IPUIPlugin:64 - create IPUIPlugin
2021-01-12 14:31:42,678 [INFO] IPUIPlugin:64 - create IPUIPlugin
2021-01-12 14:31:42,678 [INFO] IPUIPlugin:64 - create IPUIPlugin
2021-01-12 14:31:42,679 [INFO] IPUIPlugin:64 - create IPUIPlugin
2021-01-12 14:31:42,679 [INFO] IPUIPlugin:64 - create IPUIPlugin
2021-01-12 14:31:42,679 [INFO] IPUIPlugin:64 - create IPUIPlugin
2021-01-12 14:31:42,679 [INFO] IPUIPlugin:64 - create IPUIPlugin
2021-01-12 14:31:42,680 [INFO] IPUIPlugin:64 - create IPUIPlugin
2021-01-12 14:31:42,680 [INFO] IPUIPlugin:64 - create IPUIPlugin
2021-01-12 14:31:42,680 [INFO] IPUIPlugin:64 - create IPUIPlugin
2021-01-12 14:31:42,681 [INFO] IPUIPlugin:64 - create IPUIPlugin
2021-01-12 14:31:42,681 [INFO] IPUIPlugin:64 - create IPUIPlugin
2021-01-12 14:31:42,682 [INFO] IPUIPlugin:64 - create IPUIPlugin
2021-01-12 14:31:42,682 [INFO] IPUIPlugin:64 - create IPUIPlugin
2021-01-12 14:31:42,682 [INFO] IPUIPlugin:64 - create IPUIPlugin
2021-01-12 14:31:42,683 [INFO] IPUIPlugin:64 - create IPUIPlugin
2021-01-12 14:31:42,683 [INFO] IPUIPlugin:64 - create IPUIPlugin
2021-01-12 14:31:42,684 [INFO] IPUIPlugin:64 - create IPUIPlugin
2021-01-12 14:31:42,709 [INFO] LogOutputStream:76 - [STDOUT_REDIRECT] toolchainItems.length=====1
2021-01-12 14:31:42,827 [INFO] OpenFileManager:294 - Restore cursor
2021-01-12 14:41:25,793 [INFO] I2cTimingTraitement:320 - 0x00000708
2021-01-12 14:51:06,225 [INFO] I2cTimingTraitement:320 - 0x00100E16
2021-01-12 14:51:06,309 [INFO] I2cTimingTraitement:320 - 0x00100E16
2021-01-12 14:51:06,491 [INFO] I2cTimingTraitement:320 - 0x00100E16
2021-01-12 14:51:12,699 [INFO] I2cTimingTraitement:320 - 0x00000708
2021-01-12 14:51:12,859 [INFO] I2cTimingTraitement:320 - 0x00000708
2021-01-12 14:51:12,910 [INFO] I2cTimingTraitement:320 - 0x00000708
2021-01-12 14:52:21,959 [INFO] I2cTimingTraitement:320 - 0x00000708
2021-01-12 14:52:21,977 [INFO] I2cTimingTraitement:320 - 0x00000708
2021-01-12 14:54:39,204 [INFO] UtilMem:74 - End SaveConfig() Used Memory: 369407592 Bytes (423624704)
2021-01-12 14:55:52,843 [INFO] UtilMem:74 - End SaveConfig() Used Memory: 342345968 Bytes (423624704)
2021-01-12 14:55:59,337 [INFO] UtilMem:74 - End SaveConfig() Used Memory: 276374104 Bytes (423624704)
2021-01-12 14:56:00,689 [INFO] UtilMem:74 - End SaveConfig() Used Memory: 284704744 Bytes (423624704)
2021-01-12 14:56:05,241 [INFO] UtilMem:74 - End SaveConfig() Used Memory: 310919144 Bytes (423624704)
2021-01-12 14:56:05,660 [INFO] BlockDiagram:2735 - set Specific Code input for plugin: NVIC
2021-01-12 14:56:05,660 [INFO] BlockDiagram:2735 - set Specific Code input for plugin: TIM6_7L0
2021-01-12 14:56:05,660 [INFO] BlockDiagram:2735 - set Specific Code input for plugin: SYS
2021-01-12 14:56:05,660 [INFO] BlockDiagram:2735 - set Specific Code input for plugin: GPIO
2021-01-12 14:56:05,661 [INFO] BlockDiagram:2735 - set Specific Code input for plugin: RCC
2021-01-12 14:56:05,661 [INFO] BlockDiagram:2735 - set Specific Code input for plugin: I2C
2021-01-12 14:56:05,662 [INFO] CodeGenerator:639 - code generatio: config db path: C:\ST\STM32CubeIDE_1.5.0\STM32CubeIDE\plugins\com.st.stm32cube.common.mx_6.1.0.202011121557\\db\
2021-01-12 14:56:06,213 [INFO] CodeEngine:229 - oldGeneratedFile, C:\Users\ritavdwalt\Documents\GitHub\STM32Pins\STM_codegen\MXTmpFiles\license.tmp_save
2021-01-12 14:56:06,563 [INFO] CodeEngine:247 - Generated code: C:\Users\ritavdwalt\Documents\GitHub\STM32Pins\STM_codegen\MXTmpFiles\license.tmp
2021-01-12 14:56:06,713 [INFO] CodeEngine:229 - oldGeneratedFile, C:\Users\ritavdwalt\Documents\GitHub\STM32Pins\STM_codegen\MXTmpFiles\gpio.tmp_save
2021-01-12 14:56:06,815 [INFO] CodeEngine:247 - Generated code: C:\Users\ritavdwalt\Documents\GitHub\STM32Pins\STM_codegen\MXTmpFiles\gpio.tmp
2021-01-12 14:56:06,843 [ERROR] IPConfigManager:1476 - ERROR: the RefConfig I2CEnableFastModePlus is not available in your config.xml file
2021-01-12 14:56:06,972 [INFO] LogOutputStream:76 - [STDOUT_REDIRECT] Command line
2021-01-12 14:56:06,974 [INFO] LogOutputStream:76 - [STDOUT_REDIRECT] Command line
2021-01-12 14:56:07,018 [INFO] CodeEngine:229 - oldGeneratedFile, C:\Users\ritavdwalt\Documents\GitHub\STM32Pins\STM_codegen\Core\Src\stm32l0xx_it.c_save
2021-01-12 14:56:07,179 [INFO] CodeEngine:247 - Generated code: C:\Users\ritavdwalt\Documents\GitHub\STM32Pins\STM_codegen\Core\Src\stm32l0xx_it.c
2021-01-12 14:56:07,196 [INFO] CodeEngine:229 - oldGeneratedFile, C:\Users\ritavdwalt\Documents\GitHub\STM32Pins\STM_codegen\Core\Inc\stm32l0xx_it.h_save
2021-01-12 14:56:07,354 [INFO] CodeEngine:247 - Generated code: C:\Users\ritavdwalt\Documents\GitHub\STM32Pins\STM_codegen\Core\Inc\stm32l0xx_it.h
2021-01-12 14:56:07,407 [INFO] CodeEngine:229 - oldGeneratedFile, C:\Users\ritavdwalt\Documents\GitHub\STM32Pins\STM_codegen\Core\Src\stm32l0xx_hal_msp.c_save
2021-01-12 14:56:07,591 [INFO] CodeEngine:247 - Generated code: C:\Users\ritavdwalt\Documents\GitHub\STM32Pins\STM_codegen\Core\Src\stm32l0xx_hal_msp.c
2021-01-12 14:56:07,598 [INFO] CodeEngine:229 - oldGeneratedFile, C:\Users\ritavdwalt\Documents\GitHub\STM32Pins\STM_codegen\MXTmpFiles\system.tmp_save
2021-01-12 14:56:07,663 [INFO] CodeEngine:247 - Generated code: C:\Users\ritavdwalt\Documents\GitHub\STM32Pins\STM_codegen\MXTmpFiles\system.tmp
2021-01-12 14:56:07,714 [INFO] CodeEngine:229 - oldGeneratedFile, C:\Users\ritavdwalt\Documents\GitHub\STM32Pins\STM_codegen\Core\Inc\stm32l0xx_hal_conf.h_save
2021-01-12 14:56:07,883 [INFO] CodeEngine:247 - Generated code: C:\Users\ritavdwalt\Documents\GitHub\STM32Pins\STM_codegen\Core\Inc\stm32l0xx_hal_conf.h
2021-01-12 14:56:07,920 [WARN] IPConfigManager:2967 - IP not found : TIM
2021-01-12 14:56:07,921 [WARN] CodeGenerator:3177 - IP not found : null
2021-01-12 14:56:07,964 [INFO] CodeEngine:229 - oldGeneratedFile, C:\Users\ritavdwalt\Documents\GitHub\STM32Pins\STM_codegen\Core\Inc\main.h_save
2021-01-12 14:56:08,038 [INFO] CodeEngine:247 - Generated code: C:\Users\ritavdwalt\Documents\GitHub\STM32Pins\STM_codegen\Core\Inc\main.h
2021-01-12 14:56:08,058 [INFO] CodeEngine:229 - oldGeneratedFile, C:\Users\ritavdwalt\Documents\GitHub\STM32Pins\STM_codegen\Core\Src\main.c_save
2021-01-12 14:56:08,252 [INFO] CodeEngine:247 - Generated code: C:\Users\ritavdwalt\Documents\GitHub\STM32Pins\STM_codegen\Core\Src\main.c
2021-01-12 14:56:09,347 [INFO] ProjectBuilder:2328 - Time for Copy HAL[1] : 502mS.
2021-01-12 14:56:09,354 [INFO] ProjectBuilder:3259 - Project Generator version: 3.11.0-B13
2021-01-12 14:56:09,716 [INFO] ConfigFileManager:1238 - The Die is : DIE417
2021-01-12 14:56:09,723 [INFO] ApiDbMcu:456 - Load IP Config File for FATFS
2021-01-12 14:56:09,727 [INFO] ApiDbMcu:456 - Load IP Config File for FREERTOS
2021-01-12 14:56:09,743 [INFO] ApiDbMcu:456 - Load IP Config File for TOUCHSENSING
2021-01-12 14:56:09,751 [INFO] ApiDbMcu:456 - Load IP Config File for USB_DEVICE
2021-01-12 14:56:12,092 [INFO] ProjectBuilder:3425 - Time for Generating toolchain IDE Files: 2738mS.
2021-01-12 14:56:12,093 [INFO] ProjectBuilder:2207 - Time for Copy CMSIS : 0mS.
2021-01-12 14:56:12,095 [INFO] ProjectBuilder:2207 - Time for Copy CMSIS : 0mS.
